local/nnet3/run_tdnn.sh: creating neural net configs using the xconfig parser
tree-info exp/tri4_cv_train_nz_sp_ali/tree 
steps/nnet3/xconfig_to_configs.py --xconfig-file exp/nnet3/tdnn_d_reluconfig_sp/configs/network.xconfig --config-dir exp/nnet3/tdnn_d_reluconfig_sp/configs/
nnet3-init exp/nnet3/tdnn_d_reluconfig_sp/configs//ref.config exp/nnet3/tdnn_d_reluconfig_sp/configs//ref.raw 
LOG (nnet3-init[5.2.204~1-08848]:main():nnet3-init.cc:80) Initialized raw neural net and wrote it to exp/nnet3/tdnn_d_reluconfig_sp/configs//ref.raw
nnet3-info exp/nnet3/tdnn_d_reluconfig_sp/configs//ref.raw 
nnet3-init exp/nnet3/tdnn_d_reluconfig_sp/configs//ref.config exp/nnet3/tdnn_d_reluconfig_sp/configs//ref.raw 
LOG (nnet3-init[5.2.204~1-08848]:main():nnet3-init.cc:80) Initialized raw neural net and wrote it to exp/nnet3/tdnn_d_reluconfig_sp/configs//ref.raw
nnet3-info exp/nnet3/tdnn_d_reluconfig_sp/configs//ref.raw 
2018-03-15 13:47:52,708 [steps/nnet3/train_dnn.py:35 - <module> - INFO ] Starting DNN trainer (train_dnn.py)
steps/nnet3/train_dnn.py --stage=-10 --cmd=run.pl --mem 4G --feat.online-ivector-dir exp/nnet3/ivectors_cv_train_nz_sp --feat.cmvn-opts=--norm-means=false --norm-vars=false --trainer.num-epochs 2 --trainer.optimization.num-jobs-initial 3 --trainer.optimization.num-jobs-final 12 --trainer.optimization.initial-effective-lrate 0.0017 --trainer.optimization.final-effective-lrate 0.00017 --egs.dir  --cleanup.remove-egs true --cleanup.preserve-model-interval 100 --use-gpu true --feat-dir=data/cv_train_nz_sp_hires --ali-dir exp/tri4_cv_train_nz_sp_ali --lang data/lang --reporting.email= --dir=exp/nnet3/tdnn_d_reluconfig_sp
['steps/nnet3/train_dnn.py', '--stage=-10', '--cmd=run.pl --mem 4G', '--feat.online-ivector-dir', 'exp/nnet3/ivectors_cv_train_nz_sp', '--feat.cmvn-opts=--norm-means=false --norm-vars=false', '--trainer.num-epochs', '2', '--trainer.optimization.num-jobs-initial', '3', '--trainer.optimization.num-jobs-final', '12', '--trainer.optimization.initial-effective-lrate', '0.0017', '--trainer.optimization.final-effective-lrate', '0.00017', '--egs.dir', '', '--cleanup.remove-egs', 'true', '--cleanup.preserve-model-interval', '100', '--use-gpu', 'true', '--feat-dir=data/cv_train_nz_sp_hires', '--ali-dir', 'exp/tri4_cv_train_nz_sp_ali', '--lang', 'data/lang', '--reporting.email=', '--dir=exp/nnet3/tdnn_d_reluconfig_sp']
2018-03-15 13:47:52,716 [steps/nnet3/train_dnn.py:163 - train - INFO ] Arguments for the experiment
{'ali_dir': 'exp/tri4_cv_train_nz_sp_ali',
 'backstitch_training_interval': 1,
 'backstitch_training_scale': 0.0,
 'cleanup': True,
 'cmvn_opts': '--norm-means=false --norm-vars=false',
 'combine_sum_to_one_penalty': 0.0,
 'command': 'run.pl --mem 4G',
 'compute_per_dim_accuracy': False,
 'dir': 'exp/nnet3/tdnn_d_reluconfig_sp',
 'do_final_combination': True,
 'dropout_schedule': None,
 'egs_command': None,
 'egs_dir': None,
 'egs_opts': None,
 'egs_stage': 0,
 'email': None,
 'exit_stage': None,
 'feat_dir': 'data/cv_train_nz_sp_hires',
 'final_effective_lrate': 0.00017,
 'frames_per_eg': 8,
 'initial_effective_lrate': 0.0017,
 'lang': 'data/lang',
 'max_lda_jobs': 10,
 'max_models_combine': 20,
 'max_param_change': 2.0,
 'minibatch_size': '512',
 'momentum': 0.0,
 'num_epochs': 2.0,
 'num_jobs_compute_prior': 10,
 'num_jobs_final': 12,
 'num_jobs_initial': 3,
 'online_ivector_dir': 'exp/nnet3/ivectors_cv_train_nz_sp',
 'preserve_model_interval': 100,
 'presoftmax_prior_scale_power': -0.25,
 'prior_subset_size': 20000,
 'proportional_shrink': 0.0,
 'rand_prune': 4.0,
 'remove_egs': True,
 'reporting_interval': 0.1,
 'samples_per_iter': 400000,
 'shuffle_buffer_size': 5000,
 'srand': 0,
 'stage': -10,
 'transform_dir': 'exp/tri4_cv_train_nz_sp_ali',
 'use_gpu': True}
2018-03-15 13:47:52,770 [steps/nnet3/train_dnn.py:214 - train - INFO ] Generating egs
steps/nnet3/get_egs.sh --cmd run.pl --mem 4G --cmvn-opts --norm-means=false --norm-vars=false --transform-dir exp/tri4_cv_train_nz_sp_ali --online-ivector-dir exp/nnet3/ivectors_cv_train_nz_sp --left-context 16 --right-context 12 --left-context-initial -1 --right-context-final -1 --stage 0 --samples-per-iter 400000 --frames-per-eg 8 --srand 0 data/cv_train_nz_sp_hires exp/tri4_cv_train_nz_sp_ali exp/nnet3/tdnn_d_reluconfig_sp/egs
File data/cv_train_nz_sp_hires/utt2uniq exists, so augmenting valid_uttlist to
include all perturbed versions of the same 'real' utterances.
steps/nnet3/get_egs.sh: feature type is raw
feat-to-dim scp:exp/nnet3/ivectors_cv_train_nz_sp/ivector_online.scp - 
steps/nnet3/get_egs.sh: working out number of frames of training data
steps/nnet3/get_egs.sh: working out feature dim
steps/nnet3/get_egs.sh: creating 12 archives, each with 387321 egs, with
steps/nnet3/get_egs.sh:   8 labels per example, and (left,right) context = (16,12)
steps/nnet3/get_egs.sh: copying data alignments
copy-int-vector ark:- ark,scp:exp/nnet3/tdnn_d_reluconfig_sp/egs/ali.ark,exp/nnet3/tdnn_d_reluconfig_sp/egs/ali.scp 
LOG (copy-int-vector[5.2.204~1-08848]:main():copy-int-vector.cc:83) Copied 92660 vectors of int32.
steps/nnet3/get_egs.sh: Getting validation and training subset examples.
steps/nnet3/get_egs.sh: ... extracting validation and training-subset alignments.
... Getting subsets of validation examples for diagnostics and combination.
steps/nnet3/get_egs.sh: Generating training examples on disk
steps/nnet3/get_egs.sh: recombining and shuffling order of archives on disk
steps/nnet3/get_egs.sh: removing temporary archives
steps/nnet3/get_egs.sh: removing temporary alignments and transforms
steps/nnet3/get_egs.sh: Finished preparing training examples
2018-03-15 13:51:44,378 [steps/nnet3/train_dnn.py:264 - train - INFO ] Computing initial vector for FixedScaleComponent before softmax, using priors^-0.25 and rescaling to average 1
2018-03-15 13:51:51,250 [steps/nnet3/train_dnn.py:271 - train - INFO ] Preparing the initial acoustic model.
2018-03-15 13:51:58,069 [steps/nnet3/train_dnn.py:296 - train - INFO ] Training will run for 2.0 epochs = 25 iterations
2018-03-15 13:51:58,069 [steps/libs/nnet3/train/frame_level_objf/common.py:201 - train_one_iteration - INFO ] Training neural net (pass 0)
2018-03-15 13:51:58,075 [steps/libs/nnet3/train/frame_level_objf/common.py:265 - train_one_iteration - INFO ] On iteration 0, learning rate is 0.0051.
2018-03-15 13:53:42,373 [steps/libs/nnet3/train/frame_level_objf/common.py:201 - train_one_iteration - INFO ] Training neural net (pass 1)
2018-03-15 13:53:42,381 [steps/libs/nnet3/train/frame_level_objf/common.py:265 - train_one_iteration - INFO ] On iteration 1, learning rate is 0.00491977426155.
2018-03-15 13:55:07,284 [steps/libs/nnet3/train/frame_level_objf/common.py:201 - train_one_iteration - INFO ] Training neural net (pass 2)
2018-03-15 13:55:07,303 [steps/libs/nnet3/train/frame_level_objf/common.py:265 - train_one_iteration - INFO ] On iteration 2, learning rate is 0.00632788987832.
2018-03-15 13:56:58,801 [steps/libs/nnet3/train/frame_level_objf/common.py:201 - train_one_iteration - INFO ] Training neural net (pass 3)
2018-03-15 13:56:58,807 [steps/libs/nnet3/train/frame_level_objf/common.py:265 - train_one_iteration - INFO ] On iteration 3, learning rate is 0.00603150343332.
2018-03-15 13:58:50,768 [steps/libs/nnet3/train/frame_level_objf/common.py:201 - train_one_iteration - INFO ] Training neural net (pass 4)
2018-03-15 13:58:50,775 [steps/libs/nnet3/train/frame_level_objf/common.py:265 - train_one_iteration - INFO ] On iteration 4, learning rate is 0.00574899917124.
2018-03-15 14:00:42,476 [steps/libs/nnet3/train/frame_level_objf/common.py:201 - train_one_iteration - INFO ] Training neural net (pass 5)
2018-03-15 14:00:42,483 [steps/libs/nnet3/train/frame_level_objf/common.py:265 - train_one_iteration - INFO ] On iteration 5, learning rate is 0.00684965859597.
2018-03-15 14:03:02,163 [steps/libs/nnet3/train/frame_level_objf/common.py:201 - train_one_iteration - INFO ] Training neural net (pass 6)
2018-03-15 14:03:02,171 [steps/libs/nnet3/train/frame_level_objf/common.py:265 - train_one_iteration - INFO ] On iteration 6, learning rate is 0.00645100322559.
2018-03-15 14:05:21,928 [steps/libs/nnet3/train/frame_level_objf/common.py:201 - train_one_iteration - INFO ] Training neural net (pass 7)
2018-03-15 14:05:21,935 [steps/libs/nnet3/train/frame_level_objf/common.py:265 - train_one_iteration - INFO ] On iteration 7, learning rate is 0.0072906598833.
2018-03-15 14:08:09,644 [steps/libs/nnet3/train/frame_level_objf/common.py:201 - train_one_iteration - INFO ] Training neural net (pass 8)
2018-03-15 14:08:09,652 [steps/libs/nnet3/train/frame_level_objf/common.py:265 - train_one_iteration - INFO ] On iteration 8, learning rate is 0.00678448424733.
2018-03-15 14:10:57,627 [steps/libs/nnet3/train/frame_level_objf/common.py:201 - train_one_iteration - INFO ] Training neural net (pass 9)
2018-03-15 14:10:57,635 [steps/libs/nnet3/train/frame_level_objf/common.py:265 - train_one_iteration - INFO ] On iteration 9, learning rate is 0.00631345135269.
2018-03-15 14:13:45,710 [steps/libs/nnet3/train/frame_level_objf/common.py:201 - train_one_iteration - INFO ] Training neural net (pass 10)
2018-03-15 14:13:45,718 [steps/libs/nnet3/train/frame_level_objf/common.py:265 - train_one_iteration - INFO ] On iteration 10, learning rate is 0.00685430819568.
2018-03-15 14:17:01,682 [steps/libs/nnet3/train/frame_level_objf/common.py:201 - train_one_iteration - INFO ] Training neural net (pass 11)
2018-03-15 14:17:01,690 [steps/libs/nnet3/train/frame_level_objf/common.py:265 - train_one_iteration - INFO ] On iteration 11, learning rate is 0.00630239029539.
2018-03-15 14:20:18,267 [steps/libs/nnet3/train/frame_level_objf/common.py:201 - train_one_iteration - INFO ] Training neural net (pass 12)
2018-03-15 14:20:18,275 [steps/libs/nnet3/train/frame_level_objf/common.py:265 - train_one_iteration - INFO ] On iteration 12, learning rate is 0.00579491354947.
2018-03-15 14:23:40,612 [steps/libs/nnet3/train/frame_level_objf/common.py:201 - train_one_iteration - INFO ] Training neural net (pass 13)
2018-03-15 14:23:40,620 [steps/libs/nnet3/train/frame_level_objf/common.py:265 - train_one_iteration - INFO ] On iteration 13, learning rate is 0.00608948514034.
2018-03-15 14:27:35,216 [steps/libs/nnet3/train/frame_level_objf/common.py:201 - train_one_iteration - INFO ] Training neural net (pass 14)
2018-03-15 14:27:35,223 [steps/libs/nnet3/train/frame_level_objf/common.py:265 - train_one_iteration - INFO ] On iteration 14, learning rate is 0.00553240427667.
2018-03-15 14:31:26,118 [steps/libs/nnet3/train/frame_level_objf/common.py:201 - train_one_iteration - INFO ] Training neural net (pass 15)
2018-03-15 14:31:26,127 [steps/libs/nnet3/train/frame_level_objf/common.py:265 - train_one_iteration - INFO ] On iteration 15, learning rate is 0.00502628652097.
2018-03-15 14:35:18,568 [steps/libs/nnet3/train/frame_level_objf/common.py:201 - train_one_iteration - INFO ] Training neural net (pass 16)
2018-03-15 14:35:18,581 [steps/libs/nnet3/train/frame_level_objf/common.py:265 - train_one_iteration - INFO ] On iteration 16, learning rate is 0.00513727835013.
2018-03-15 14:39:41,304 [steps/libs/nnet3/train/frame_level_objf/common.py:201 - train_one_iteration - INFO ] Training neural net (pass 17)
2018-03-15 14:39:41,312 [steps/libs/nnet3/train/frame_level_objf/common.py:265 - train_one_iteration - INFO ] On iteration 17, learning rate is 0.00461166867071.
2018-03-15 14:44:05,321 [steps/libs/nnet3/train/frame_level_objf/common.py:201 - train_one_iteration - INFO ] Training neural net (pass 18)
2018-03-15 14:44:05,335 [steps/libs/nnet3/train/frame_level_objf/common.py:265 - train_one_iteration - INFO ] On iteration 18, learning rate is 0.00413983562481.
2018-03-15 14:48:29,356 [steps/libs/nnet3/train/frame_level_objf/common.py:201 - train_one_iteration - INFO ] Training neural net (pass 19)
2018-03-15 14:48:29,365 [steps/libs/nnet3/train/frame_level_objf/common.py:265 - train_one_iteration - INFO ] On iteration 19, learning rate is 0.00412919685649.
2018-03-15 14:53:27,612 [steps/libs/nnet3/train/frame_level_objf/common.py:201 - train_one_iteration - INFO ] Training neural net (pass 20)
2018-03-15 14:53:27,621 [steps/libs/nnet3/train/frame_level_objf/common.py:265 - train_one_iteration - INFO ] On iteration 20, learning rate is 0.00366253897305.
2018-03-15 14:59:53,834 [steps/libs/nnet3/train/frame_level_objf/common.py:201 - train_one_iteration - INFO ] Training neural net (pass 21)
2018-03-15 14:59:53,843 [steps/libs/nnet3/train/frame_level_objf/common.py:265 - train_one_iteration - INFO ] On iteration 21, learning rate is 0.00357348206319.
2018-03-15 15:05:22,575 [steps/libs/nnet3/train/frame_level_objf/common.py:201 - train_one_iteration - INFO ] Training neural net (pass 22)
2018-03-15 15:05:22,586 [steps/libs/nnet3/train/frame_level_objf/common.py:265 - train_one_iteration - INFO ] On iteration 22, learning rate is 0.00313184269149.
2018-03-15 15:11:04,827 [steps/libs/nnet3/train/frame_level_objf/common.py:201 - train_one_iteration - INFO ] Training neural net (pass 23)
2018-03-15 15:11:04,836 [steps/libs/nnet3/train/frame_level_objf/common.py:265 - train_one_iteration - INFO ] On iteration 23, learning rate is 0.00274478463045.
2018-03-15 15:16:41,732 [steps/libs/nnet3/train/frame_level_objf/common.py:201 - train_one_iteration - INFO ] Training neural net (pass 24)
2018-03-15 15:16:41,740 [steps/libs/nnet3/train/frame_level_objf/common.py:265 - train_one_iteration - INFO ] On iteration 24, learning rate is 0.00204.
2018-03-15 15:22:28,328 [steps/nnet3/train_dnn.py:362 - train - INFO ] Doing final combination to produce final.mdl
2018-03-15 15:22:28,328 [steps/libs/nnet3/train/frame_level_objf/common.py:466 - combine_models - INFO ] Combining set([14, 15, 16, 17, 18, 19, 20, 21, 22, 23, 24, 25]) models.
2018-03-15 15:26:04,086 [steps/nnet3/train_dnn.py:371 - train - INFO ] Getting average posterior for purposes of adjusting the priors.
2018-03-15 15:30:24,576 [steps/nnet3/train_dnn.py:382 - train - INFO ] Re-adjusting priors based on computed posteriors
2018-03-15 15:30:25,084 [steps/nnet3/train_dnn.py:392 - train - INFO ] Cleaning up the experiment directory exp/nnet3/tdnn_d_reluconfig_sp
steps/nnet2/remove_egs.sh: Finished deleting examples in exp/nnet3/tdnn_d_reluconfig_sp/egs
exp/nnet3/tdnn_d_reluconfig_sp: num-iters=25 nj=3..12 num-params=21.1M dim=40+100->9054 combine=-1.35->-1.25 loglike:train/valid[15,24,combined]=(-1.47,-1.27,-1.25/-1.55,-1.42,-1.40) accuracy:train/valid[15,24,combined]=(0.60,0.64,0.65/0.58,0.60,0.61)
steps/nnet3/decode.sh --nj 30 --cmd run.pl --mem 4G --online-ivector-dir exp/nnet3/ivectors_cv_test_onlyindian exp/tri4/graph_sw1_tg data/cv_test_onlyindian_hires exp/nnet3/tdnn_d_reluconfig_sp/decode_cv_test_onlyindian_hires_sw1_tg
steps/nnet3/decode.sh: feature type is raw
steps/diagnostic/analyze_lats.sh --cmd run.pl --mem 4G --iter final exp/tri4/graph_sw1_tg exp/nnet3/tdnn_d_reluconfig_sp/decode_cv_test_onlyindian_hires_sw1_tg
analyze_phone_length_stats.py: WARNING: optional-silence sil is seen only 69.6629213483% of the time at utterance end.  This may not be optimal.
steps/diagnostic/analyze_lats.sh: see stats in exp/nnet3/tdnn_d_reluconfig_sp/decode_cv_test_onlyindian_hires_sw1_tg/log/analyze_alignments.log
Overall, lattice depth (10,50,90-percentile)=(3,18,90) and mean=36.6
steps/diagnostic/analyze_lats.sh: see stats in exp/nnet3/tdnn_d_reluconfig_sp/decode_cv_test_onlyindian_hires_sw1_tg/log/analyze_lattice_depth_stats.log
score best paths
local/score.sh --iter final --cmd run.pl --mem 4G data/cv_test_onlyindian_hires exp/tri4/graph_sw1_tg exp/nnet3/tdnn_d_reluconfig_sp/decode_cv_test_onlyindian_hires_sw1_tg
local/score.sh: scoring with word insertion penalty=0.0,0.5,1.0
score confidence and timing with sclite
Decoding done.
steps/nnet3/decode.sh --nj 30 --cmd run.pl --mem 4G --online-ivector-dir exp/nnet3/ivectors_cv_dev_nz exp/tri4/graph_sw1_tg data/cv_dev_nz_hires exp/nnet3/tdnn_d_reluconfig_sp/decode_cv_dev_nz_hires_sw1_tg
steps/nnet3/decode.sh: feature type is raw
steps/diagnostic/analyze_lats.sh --cmd run.pl --mem 4G --iter final exp/tri4/graph_sw1_tg exp/nnet3/tdnn_d_reluconfig_sp/decode_cv_dev_nz_hires_sw1_tg
steps/diagnostic/analyze_lats.sh: see stats in exp/nnet3/tdnn_d_reluconfig_sp/decode_cv_dev_nz_hires_sw1_tg/log/analyze_alignments.log
Overall, lattice depth (10,50,90-percentile)=(1,5,31) and mean=13.0
steps/diagnostic/analyze_lats.sh: see stats in exp/nnet3/tdnn_d_reluconfig_sp/decode_cv_dev_nz_hires_sw1_tg/log/analyze_lattice_depth_stats.log
score best paths
local/score.sh --iter final --cmd run.pl --mem 4G data/cv_dev_nz_hires exp/tri4/graph_sw1_tg exp/nnet3/tdnn_d_reluconfig_sp/decode_cv_dev_nz_hires_sw1_tg
local/score.sh: scoring with word insertion penalty=0.0,0.5,1.0
score confidence and timing with sclite
Decoding done.
steps/nnet3/decode.sh --nj 30 --cmd run.pl --mem 4G --online-ivector-dir exp/nnet3/ivectors_cv_test_onlynz exp/tri4/graph_sw1_tg data/cv_test_onlynz_hires exp/nnet3/tdnn_d_reluconfig_sp/decode_cv_test_onlynz_hires_sw1_tg
steps/nnet3/decode.sh: feature type is raw
steps/diagnostic/analyze_lats.sh --cmd run.pl --mem 4G --iter final exp/tri4/graph_sw1_tg exp/nnet3/tdnn_d_reluconfig_sp/decode_cv_test_onlynz_hires_sw1_tg
steps/diagnostic/analyze_lats.sh: see stats in exp/nnet3/tdnn_d_reluconfig_sp/decode_cv_test_onlynz_hires_sw1_tg/log/analyze_alignments.log
Overall, lattice depth (10,50,90-percentile)=(1,5,28) and mean=11.9
steps/diagnostic/analyze_lats.sh: see stats in exp/nnet3/tdnn_d_reluconfig_sp/decode_cv_test_onlynz_hires_sw1_tg/log/analyze_lattice_depth_stats.log
score best paths
local/score.sh --iter final --cmd run.pl --mem 4G data/cv_test_onlynz_hires exp/tri4/graph_sw1_tg exp/nnet3/tdnn_d_reluconfig_sp/decode_cv_test_onlynz_hires_sw1_tg
local/score.sh: scoring with word insertion penalty=0.0,0.5,1.0
score confidence and timing with sclite
Decoding done.
%WER 30.79 [ 246 / 799, 26 ins, 39 del, 181 sub ] exp/nnet3/tdnn_d_sp/decode_cv_dev_nz_onlycanada_hires_sw1_tg/wer_9_0.5
