steps/nnet3/make_bottleneck_features_from_singletask.sh --nj 20 --use-gpu true --cmd run.pl tdnn_bn.renorm data/cv_train_nz_sp_hires data/cv_train_nz_sp_bnf /exp/abhinav/accent_recognizer_exp/nnet3/tdnn_1024nodes_300bnlayer_nz_15000 exp/make_bnf/cv_train_nz_sp exp/make_bnf
steps/nnet3/make_bottleneck_features_from_singletask.sh: Generating bottleneck features using /exp/abhinav/accent_recognizer_exp/nnet3/tdnn_1024nodes_300bnlayer_nz_15000/final.raw model as output of 
    component-node with name tdnn_bn.renorm.
steps/nnet3/make_bottleneck_features_from_singletask.sh: computing CMVN stats.
steps/compute_cmvn_stats.sh data/cv_train_nz_sp_bnf
Succeeded creating CMVN stats for cv_train_nz_sp_bnf
steps/nnet3/make_bottleneck_features_from_singletask.sh: done making BNF feats.scp.
steps/append_feats.sh --cmd run.pl --nj 20 data/cv_train_nz_sp_bnf data/cv_train_nz_sp_hires data/cv_train_nz_mfcc_bnf_appended_sp exp/append_hires_mfcc_bnf/cv_train_nz_sp exp/append_mfcc_bnf
Succeeded pasting features for cv_train_nz_mfcc_bnf_appended_sp into data/cv_train_nz_mfcc_bnf_appended_sp
steps/compute_cmvn_stats.sh data/cv_train_nz_mfcc_bnf_appended_sp exp/make_cmvn_mfcc_bnf exp/append_mfcc_bnf
Succeeded creating CMVN stats for cv_train_nz_mfcc_bnf_appended_sp
feat-to-dim scp:data/cv_train_nz_mfcc_bnf_appended_sp/feats.scp - 
steps/nnet3/xconfig_to_configs.py --xconfig-file exp/nnet3/tdnn_bnf300_appended_cv_train_nz_15000/configs/network.xconfig --config-dir exp/nnet3/tdnn_bnf300_appended_cv_train_nz_15000/configs/
nnet3-init exp/nnet3/tdnn_bnf300_appended_cv_train_nz_15000/configs//ref.config exp/nnet3/tdnn_bnf300_appended_cv_train_nz_15000/configs//ref.raw 
LOG (nnet3-init[5.2.204~1-08848]:main():nnet3-init.cc:80) Initialized raw neural net and wrote it to exp/nnet3/tdnn_bnf300_appended_cv_train_nz_15000/configs//ref.raw
nnet3-info exp/nnet3/tdnn_bnf300_appended_cv_train_nz_15000/configs//ref.raw 
nnet3-init exp/nnet3/tdnn_bnf300_appended_cv_train_nz_15000/configs//ref.config exp/nnet3/tdnn_bnf300_appended_cv_train_nz_15000/configs//ref.raw 
LOG (nnet3-init[5.2.204~1-08848]:main():nnet3-init.cc:80) Initialized raw neural net and wrote it to exp/nnet3/tdnn_bnf300_appended_cv_train_nz_15000/configs//ref.raw
nnet3-info exp/nnet3/tdnn_bnf300_appended_cv_train_nz_15000/configs//ref.raw 
./run_with_accent_embedding_with_ivectors.sh: calling get_egs.sh for generating examples with alignments as output
steps/nnet3/get_egs.sh --cmvn-opts --norm-means=false --norm-vars=false --online-ivector-dir exp/nnet3/ivectors_cv_train_nz_sp --left-context 16 --right-context 12 --num-utts-subset 300 --nj 20 --samples-per-iter 400000 --cmd run.pl --frames-per-eg 8 data/cv_train_nz_mfcc_bnf_appended_sp exp/tri4_cv_train_nz_sp_ali exp/nnet3/tdnn_bnf300_appended_cv_train_nz_15000/egs
File data/cv_train_nz_mfcc_bnf_appended_sp/utt2uniq exists, so augmenting valid_uttlist to
include all perturbed versions of the same 'real' utterances.
steps/nnet3/get_egs.sh: feature type is raw
feat-to-dim scp:exp/nnet3/ivectors_cv_train_nz_sp/ivector_online.scp - 
steps/nnet3/get_egs.sh: working out number of frames of training data
steps/nnet3/get_egs.sh: working out feature dim
steps/nnet3/get_egs.sh: creating 12 archives, each with 387321 egs, with
steps/nnet3/get_egs.sh:   8 labels per example, and (left,right) context = (16,12)
steps/nnet3/get_egs.sh: copying data alignments
copy-int-vector ark:- ark,scp:exp/nnet3/tdnn_bnf300_appended_cv_train_nz_15000/egs/ali.ark,exp/nnet3/tdnn_bnf300_appended_cv_train_nz_15000/egs/ali.scp 
LOG (copy-int-vector[5.2.204~1-08848]:main():copy-int-vector.cc:83) Copied 92660 vectors of int32.
steps/nnet3/get_egs.sh: Getting validation and training subset examples.
steps/nnet3/get_egs.sh: ... extracting validation and training-subset alignments.
... Getting subsets of validation examples for diagnostics and combination.
steps/nnet3/get_egs.sh: Generating training examples on disk
steps/nnet3/get_egs.sh: recombining and shuffling order of archives on disk
steps/nnet3/get_egs.sh: removing temporary archives
steps/nnet3/get_egs.sh: removing temporary alignments and transforms
steps/nnet3/get_egs.sh: Finished preparing training examples
2018-03-15 17:55:47,780 [steps/nnet3/train_dnn.py:35 - <module> - INFO ] Starting DNN trainer (train_dnn.py)
steps/nnet3/train_dnn.py --stage=-10 --cmd=run.pl --mem 4G --feat.cmvn-opts=--norm-means=false --norm-vars=false --trainer.num-epochs 2 --trainer.optimization.num-jobs-initial 3 --trainer.optimization.num-jobs-final 9 --trainer.optimization.initial-effective-lrate 0.0017 --trainer.optimization.final-effective-lrate 0.00017 --egs.dir exp/nnet3/tdnn_bnf300_appended_cv_train_nz_15000/egs --feat.online-ivector-dir exp/nnet3/ivectors_cv_train_nz_sp --cleanup.preserve-model-interval 20 --use-gpu true --ali-dir exp/tri4_cv_train_nz_sp_ali --lang data/lang --feat-dir=data/cv_train_nz_mfcc_bnf_appended_sp --reporting.email= --dir exp/nnet3/tdnn_bnf300_appended_cv_train_nz_15000
['steps/nnet3/train_dnn.py', '--stage=-10', '--cmd=run.pl --mem 4G', '--feat.cmvn-opts=--norm-means=false --norm-vars=false', '--trainer.num-epochs', '2', '--trainer.optimization.num-jobs-initial', '3', '--trainer.optimization.num-jobs-final', '9', '--trainer.optimization.initial-effective-lrate', '0.0017', '--trainer.optimization.final-effective-lrate', '0.00017', '--egs.dir', 'exp/nnet3/tdnn_bnf300_appended_cv_train_nz_15000/egs', '--feat.online-ivector-dir', 'exp/nnet3/ivectors_cv_train_nz_sp', '--cleanup.preserve-model-interval', '20', '--use-gpu', 'true', '--ali-dir', 'exp/tri4_cv_train_nz_sp_ali', '--lang', 'data/lang', '--feat-dir=data/cv_train_nz_mfcc_bnf_appended_sp', '--reporting.email=', '--dir', 'exp/nnet3/tdnn_bnf300_appended_cv_train_nz_15000']
2018-03-15 17:55:47,839 [steps/nnet3/train_dnn.py:163 - train - INFO ] Arguments for the experiment
{'ali_dir': 'exp/tri4_cv_train_nz_sp_ali',
 'backstitch_training_interval': 1,
 'backstitch_training_scale': 0.0,
 'cleanup': True,
 'cmvn_opts': '--norm-means=false --norm-vars=false',
 'combine_sum_to_one_penalty': 0.0,
 'command': 'run.pl --mem 4G',
 'compute_per_dim_accuracy': False,
 'dir': 'exp/nnet3/tdnn_bnf300_appended_cv_train_nz_15000',
 'do_final_combination': True,
 'dropout_schedule': None,
 'egs_command': None,
 'egs_dir': 'exp/nnet3/tdnn_bnf300_appended_cv_train_nz_15000/egs',
 'egs_opts': None,
 'egs_stage': 0,
 'email': None,
 'exit_stage': None,
 'feat_dir': 'data/cv_train_nz_mfcc_bnf_appended_sp',
 'final_effective_lrate': 0.00017,
 'frames_per_eg': 8,
 'initial_effective_lrate': 0.0017,
 'lang': 'data/lang',
 'max_lda_jobs': 10,
 'max_models_combine': 20,
 'max_param_change': 2.0,
 'minibatch_size': '512',
 'momentum': 0.0,
 'num_epochs': 2.0,
 'num_jobs_compute_prior': 10,
 'num_jobs_final': 9,
 'num_jobs_initial': 3,
 'online_ivector_dir': 'exp/nnet3/ivectors_cv_train_nz_sp',
 'preserve_model_interval': 20,
 'presoftmax_prior_scale_power': -0.25,
 'prior_subset_size': 20000,
 'proportional_shrink': 0.0,
 'rand_prune': 4.0,
 'remove_egs': True,
 'reporting_interval': 0.1,
 'samples_per_iter': 400000,
 'shuffle_buffer_size': 5000,
 'srand': 0,
 'stage': -10,
 'transform_dir': 'exp/tri4_cv_train_nz_sp_ali',
 'use_gpu': True}
2018-03-15 17:55:51,248 [steps/nnet3/train_dnn.py:264 - train - INFO ] Computing initial vector for FixedScaleComponent before softmax, using priors^-0.25 and rescaling to average 1
2018-03-15 17:56:00,895 [steps/nnet3/train_dnn.py:271 - train - INFO ] Preparing the initial acoustic model.
2018-03-15 17:56:10,631 [steps/nnet3/train_dnn.py:296 - train - INFO ] Training will run for 2.0 epochs = 32 iterations
2018-03-15 17:56:10,631 [steps/libs/nnet3/train/frame_level_objf/common.py:201 - train_one_iteration - INFO ] Training neural net (pass 0)
2018-03-15 17:56:10,639 [steps/libs/nnet3/train/frame_level_objf/common.py:265 - train_one_iteration - INFO ] On iteration 0, learning rate is 0.0051.
2018-03-15 17:59:24,239 [steps/libs/nnet3/train/frame_level_objf/common.py:201 - train_one_iteration - INFO ] Training neural net (pass 1)
2018-03-15 17:59:24,246 [steps/libs/nnet3/train/frame_level_objf/common.py:265 - train_one_iteration - INFO ] On iteration 1, learning rate is 0.00491977426155.
2018-03-15 18:02:16,659 [steps/libs/nnet3/train/frame_level_objf/common.py:201 - train_one_iteration - INFO ] Training neural net (pass 2)
2018-03-15 18:02:16,666 [steps/libs/nnet3/train/frame_level_objf/common.py:265 - train_one_iteration - INFO ] On iteration 2, learning rate is 0.00474591740874.
2018-03-15 18:05:17,006 [steps/libs/nnet3/train/frame_level_objf/common.py:201 - train_one_iteration - INFO ] Training neural net (pass 3)
2018-03-15 18:05:17,018 [steps/libs/nnet3/train/frame_level_objf/common.py:265 - train_one_iteration - INFO ] On iteration 3, learning rate is 0.00610427250064.
2018-03-15 18:08:21,418 [steps/libs/nnet3/train/frame_level_objf/common.py:201 - train_one_iteration - INFO ] Training neural net (pass 4)
2018-03-15 18:08:21,431 [steps/libs/nnet3/train/frame_level_objf/common.py:265 - train_one_iteration - INFO ] On iteration 4, learning rate is 0.00581835987249.
2018-03-15 18:11:19,560 [steps/libs/nnet3/train/frame_level_objf/common.py:201 - train_one_iteration - INFO ] Training neural net (pass 5)
2018-03-15 18:11:19,566 [steps/libs/nnet3/train/frame_level_objf/common.py:265 - train_one_iteration - INFO ] On iteration 5, learning rate is 0.0055458388534.
2018-03-15 18:14:24,530 [steps/libs/nnet3/train/frame_level_objf/common.py:201 - train_one_iteration - INFO ] Training neural net (pass 6)
2018-03-15 18:14:24,538 [steps/libs/nnet3/train/frame_level_objf/common.py:265 - train_one_iteration - INFO ] On iteration 6, learning rate is 0.00528608220562.
2018-03-15 18:17:22,542 [steps/libs/nnet3/train/frame_level_objf/common.py:201 - train_one_iteration - INFO ] Training neural net (pass 7)
2018-03-15 18:17:22,550 [steps/libs/nnet3/train/frame_level_objf/common.py:265 - train_one_iteration - INFO ] On iteration 7, learning rate is 0.00503849207005.
2018-03-15 18:20:32,922 [steps/libs/nnet3/train/frame_level_objf/common.py:201 - train_one_iteration - INFO ] Training neural net (pass 8)
2018-03-15 18:20:32,934 [steps/libs/nnet3/train/frame_level_objf/common.py:265 - train_one_iteration - INFO ] On iteration 8, learning rate is 0.00600312323769.
2018-03-15 18:23:41,012 [steps/libs/nnet3/train/frame_level_objf/common.py:201 - train_one_iteration - INFO ] Training neural net (pass 9)
2018-03-15 18:23:41,018 [steps/libs/nnet3/train/frame_level_objf/common.py:265 - train_one_iteration - INFO ] On iteration 9, learning rate is 0.00565373687277.
2018-03-15 18:26:50,853 [steps/libs/nnet3/train/frame_level_objf/common.py:201 - train_one_iteration - INFO ] Training neural net (pass 10)
2018-03-15 18:26:50,860 [steps/libs/nnet3/train/frame_level_objf/common.py:265 - train_one_iteration - INFO ] On iteration 10, learning rate is 0.00532468506158.
2018-03-15 18:29:57,636 [steps/libs/nnet3/train/frame_level_objf/common.py:201 - train_one_iteration - INFO ] Training neural net (pass 11)
2018-03-15 18:29:57,643 [steps/libs/nnet3/train/frame_level_objf/common.py:265 - train_one_iteration - INFO ] On iteration 11, learning rate is 0.00501478431754.
2018-03-15 18:33:09,096 [steps/libs/nnet3/train/frame_level_objf/common.py:201 - train_one_iteration - INFO ] Training neural net (pass 12)
2018-03-15 18:33:09,103 [steps/libs/nnet3/train/frame_level_objf/common.py:265 - train_one_iteration - INFO ] On iteration 12, learning rate is 0.00472292003387.
2018-03-15 18:36:13,407 [steps/libs/nnet3/train/frame_level_objf/common.py:201 - train_one_iteration - INFO ] Training neural net (pass 13)
2018-03-15 18:36:13,415 [steps/libs/nnet3/train/frame_level_objf/common.py:265 - train_one_iteration - INFO ] On iteration 13, learning rate is 0.00444804247479.
2018-03-15 18:39:15,385 [steps/libs/nnet3/train/frame_level_objf/common.py:201 - train_one_iteration - INFO ] Training neural net (pass 14)
2018-03-15 18:39:15,390 [steps/libs/nnet3/train/frame_level_objf/common.py:265 - train_one_iteration - INFO ] On iteration 14, learning rate is 0.00502699559993.
2018-03-15 18:42:29,555 [steps/libs/nnet3/train/frame_level_objf/common.py:201 - train_one_iteration - INFO ] Training neural net (pass 15)
2018-03-15 18:42:29,562 [steps/libs/nnet3/train/frame_level_objf/common.py:265 - train_one_iteration - INFO ] On iteration 15, learning rate is 0.00467798155517.
2018-03-15 18:45:44,230 [steps/libs/nnet3/train/frame_level_objf/common.py:201 - train_one_iteration - INFO ] Training neural net (pass 16)
2018-03-15 18:45:44,240 [steps/libs/nnet3/train/frame_level_objf/common.py:265 - train_one_iteration - INFO ] On iteration 16, learning rate is 0.00435319884323.
2018-03-15 18:48:59,524 [steps/libs/nnet3/train/frame_level_objf/common.py:201 - train_one_iteration - INFO ] Training neural net (pass 17)
2018-03-15 18:48:59,532 [steps/libs/nnet3/train/frame_level_objf/common.py:265 - train_one_iteration - INFO ] On iteration 17, learning rate is 0.00405096513211.
2018-03-15 18:52:12,462 [steps/libs/nnet3/train/frame_level_objf/common.py:201 - train_one_iteration - INFO ] Training neural net (pass 18)
2018-03-15 18:52:12,469 [steps/libs/nnet3/train/frame_level_objf/common.py:265 - train_one_iteration - INFO ] On iteration 18, learning rate is 0.00376971489073.
2018-03-15 18:55:33,082 [steps/libs/nnet3/train/frame_level_objf/common.py:201 - train_one_iteration - INFO ] Training neural net (pass 19)
2018-03-15 18:55:33,089 [steps/libs/nnet3/train/frame_level_objf/common.py:265 - train_one_iteration - INFO ] On iteration 19, learning rate is 0.00409265649285.
2018-03-15 18:59:17,033 [steps/libs/nnet3/train/frame_level_objf/common.py:201 - train_one_iteration - INFO ] Training neural net (pass 20)
2018-03-15 18:59:17,046 [steps/libs/nnet3/train/frame_level_objf/common.py:265 - train_one_iteration - INFO ] On iteration 20, learning rate is 0.0037631104156.
2018-03-15 19:03:59,997 [steps/libs/nnet3/train/frame_level_objf/common.py:201 - train_one_iteration - INFO ] Training neural net (pass 21)
2018-03-15 19:04:00,004 [steps/libs/nnet3/train/frame_level_objf/common.py:265 - train_one_iteration - INFO ] On iteration 21, learning rate is 0.00346009982141.
2018-03-15 19:07:42,832 [steps/libs/nnet3/train/frame_level_objf/common.py:201 - train_one_iteration - INFO ] Training neural net (pass 22)
2018-03-15 19:07:42,840 [steps/libs/nnet3/train/frame_level_objf/common.py:265 - train_one_iteration - INFO ] On iteration 22, learning rate is 0.00318148803832.
2018-03-15 19:11:52,596 [steps/libs/nnet3/train/frame_level_objf/common.py:201 - train_one_iteration - INFO ] Training neural net (pass 23)
2018-03-15 19:11:52,603 [steps/libs/nnet3/train/frame_level_objf/common.py:265 - train_one_iteration - INFO ] On iteration 23, learning rate is 0.00292531044202.
2018-03-15 19:15:37,712 [steps/libs/nnet3/train/frame_level_objf/common.py:201 - train_one_iteration - INFO ] Training neural net (pass 24)
2018-03-15 19:15:37,717 [steps/libs/nnet3/train/frame_level_objf/common.py:265 - train_one_iteration - INFO ] On iteration 24, learning rate is 0.00307401211691.
2018-03-15 19:19:52,150 [steps/libs/nnet3/train/frame_level_objf/common.py:201 - train_one_iteration - INFO ] Training neural net (pass 25)
2018-03-15 19:19:52,158 [steps/libs/nnet3/train/frame_level_objf/common.py:265 - train_one_iteration - INFO ] On iteration 25, learning rate is 0.00279279403598.
2018-03-15 19:24:10,626 [steps/libs/nnet3/train/frame_level_objf/common.py:201 - train_one_iteration - INFO ] Training neural net (pass 26)
2018-03-15 19:24:10,633 [steps/libs/nnet3/train/frame_level_objf/common.py:265 - train_one_iteration - INFO ] On iteration 26, learning rate is 0.00253730246686.
2018-03-15 19:28:25,267 [steps/libs/nnet3/train/frame_level_objf/common.py:201 - train_one_iteration - INFO ] Training neural net (pass 27)
2018-03-15 19:28:25,274 [steps/libs/nnet3/train/frame_level_objf/common.py:265 - train_one_iteration - INFO ] On iteration 27, learning rate is 0.00230518388589.
2018-03-15 19:32:55,361 [steps/libs/nnet3/train/frame_level_objf/common.py:201 - train_one_iteration - INFO ] Training neural net (pass 28)
2018-03-15 19:32:55,368 [steps/libs/nnet3/train/frame_level_objf/common.py:265 - train_one_iteration - INFO ] On iteration 28, learning rate is 0.00209430007544.
2018-03-15 19:37:12,884 [steps/libs/nnet3/train/frame_level_objf/common.py:201 - train_one_iteration - INFO ] Training neural net (pass 29)
2018-03-15 19:37:12,891 [steps/libs/nnet3/train/frame_level_objf/common.py:265 - train_one_iteration - INFO ] On iteration 29, learning rate is 0.00190270842723.
2018-03-15 19:41:26,845 [steps/libs/nnet3/train/frame_level_objf/common.py:201 - train_one_iteration - INFO ] Training neural net (pass 30)
2018-03-15 19:41:26,851 [steps/libs/nnet3/train/frame_level_objf/common.py:265 - train_one_iteration - INFO ] On iteration 30, learning rate is 0.00194472455341.
2018-03-15 19:46:11,083 [steps/libs/nnet3/train/frame_level_objf/common.py:201 - train_one_iteration - INFO ] Training neural net (pass 31)
2018-03-15 19:46:11,090 [steps/libs/nnet3/train/frame_level_objf/common.py:265 - train_one_iteration - INFO ] On iteration 31, learning rate is 0.00153.
2018-03-15 19:50:55,343 [steps/nnet3/train_dnn.py:362 - train - INFO ] Doing final combination to produce final.mdl
2018-03-15 19:50:55,343 [steps/libs/nnet3/train/frame_level_objf/common.py:466 - combine_models - INFO ] Combining set([32, 17, 18, 19, 20, 21, 22, 23, 24, 25, 26, 27, 28, 29, 30, 31]) models.
2018-03-15 19:55:48,225 [steps/nnet3/train_dnn.py:371 - train - INFO ] Getting average posterior for purposes of adjusting the priors.
2018-03-15 20:00:48,753 [steps/nnet3/train_dnn.py:382 - train - INFO ] Re-adjusting priors based on computed posteriors
2018-03-15 20:00:49,795 [steps/nnet3/train_dnn.py:392 - train - INFO ] Cleaning up the experiment directory exp/nnet3/tdnn_bnf300_appended_cv_train_nz_15000
exp/nnet3/tdnn_bnf300_appended_cv_train_nz_15000: num-iters=32 nj=3..9 num-params=22.7M dim=340+100->9054 combine=-1.19->-1.07 loglike:train/valid[20,31,combined]=(-1.32,-1.11,-1.09/-1.43,-1.33,-1.31) accuracy:train/valid[20,31,combined]=(0.63,0.68,0.69/0.61,0.63,0.63)
steps/nnet3/make_bottleneck_features_from_singletask.sh --nj 20 --use-gpu true --cmd run.pl tdnn_bn.renorm data/cv_test_onlyindian_hires data/cv_test_onlyindian_bnf /exp/abhinav/accent_recognizer_exp/nnet3/tdnn_1024nodes_300bnlayer_nz_15000 exp/make_bnf/cv_test_onlyindian exp/make_bnf
steps/nnet3/make_bottleneck_features_from_singletask.sh: Generating bottleneck features using /exp/abhinav/accent_recognizer_exp/nnet3/tdnn_1024nodes_300bnlayer_nz_15000/final.raw model as output of 
    component-node with name tdnn_bn.renorm.
steps/nnet3/make_bottleneck_features_from_singletask.sh: computing CMVN stats.
steps/compute_cmvn_stats.sh data/cv_test_onlyindian_bnf
Succeeded creating CMVN stats for cv_test_onlyindian_bnf
steps/nnet3/make_bottleneck_features_from_singletask.sh: done making BNF feats.scp.
steps/nnet3/make_bottleneck_features_from_singletask.sh --nj 20 --use-gpu true --cmd run.pl tdnn_bn.renorm data/cv_dev_nz_hires data/cv_dev_nz_bnf /exp/abhinav/accent_recognizer_exp/nnet3/tdnn_1024nodes_300bnlayer_nz_15000 exp/make_bnf/cv_dev_nz exp/make_bnf
steps/nnet3/make_bottleneck_features_from_singletask.sh: Generating bottleneck features using /exp/abhinav/accent_recognizer_exp/nnet3/tdnn_1024nodes_300bnlayer_nz_15000/final.raw model as output of 
    component-node with name tdnn_bn.renorm.
steps/nnet3/make_bottleneck_features_from_singletask.sh: computing CMVN stats.
steps/compute_cmvn_stats.sh data/cv_dev_nz_bnf
Succeeded creating CMVN stats for cv_dev_nz_bnf
steps/nnet3/make_bottleneck_features_from_singletask.sh: done making BNF feats.scp.
steps/nnet3/make_bottleneck_features_from_singletask.sh --nj 20 --use-gpu true --cmd run.pl tdnn_bn.renorm data/cv_test_onlynz_hires data/cv_test_onlynz_bnf /exp/abhinav/accent_recognizer_exp/nnet3/tdnn_1024nodes_300bnlayer_nz_15000 exp/make_bnf/cv_test_onlynz exp/make_bnf
steps/nnet3/make_bottleneck_features_from_singletask.sh: Generating bottleneck features using /exp/abhinav/accent_recognizer_exp/nnet3/tdnn_1024nodes_300bnlayer_nz_15000/final.raw model as output of 
    component-node with name tdnn_bn.renorm.
steps/nnet3/make_bottleneck_features_from_singletask.sh: computing CMVN stats.
steps/compute_cmvn_stats.sh data/cv_test_onlynz_bnf
Succeeded creating CMVN stats for cv_test_onlynz_bnf
steps/nnet3/make_bottleneck_features_from_singletask.sh: done making BNF feats.scp.
steps/append_feats.sh --cmd run.pl --nj 20 data/cv_test_onlyindian_bnf data/cv_test_onlyindian_hires data/cv_test_onlyindian_mfcc_bnf_appended exp/append_hires_mfcc_bnf/cv_test_onlyindian exp/append_mfcc_bnf
Succeeded pasting features for cv_test_onlyindian_mfcc_bnf_appended into data/cv_test_onlyindian_mfcc_bnf_appended
steps/compute_cmvn_stats.sh data/cv_test_onlyindian_mfcc_bnf_appended exp/make_cmvn_mfcc_bnf exp/append_mfcc_bnf
Succeeded creating CMVN stats for cv_test_onlyindian_mfcc_bnf_appended
steps/append_feats.sh --cmd run.pl --nj 20 data/cv_dev_nz_bnf data/cv_dev_nz_hires data/cv_dev_nz_mfcc_bnf_appended exp/append_hires_mfcc_bnf/cv_dev_nz exp/append_mfcc_bnf
Succeeded pasting features for cv_dev_nz_mfcc_bnf_appended into data/cv_dev_nz_mfcc_bnf_appended
steps/compute_cmvn_stats.sh data/cv_dev_nz_mfcc_bnf_appended exp/make_cmvn_mfcc_bnf exp/append_mfcc_bnf
Succeeded creating CMVN stats for cv_dev_nz_mfcc_bnf_appended
steps/append_feats.sh --cmd run.pl --nj 20 data/cv_test_onlynz_bnf data/cv_test_onlynz_hires data/cv_test_onlynz_mfcc_bnf_appended exp/append_hires_mfcc_bnf/cv_test_onlynz exp/append_mfcc_bnf
Succeeded pasting features for cv_test_onlynz_mfcc_bnf_appended into data/cv_test_onlynz_mfcc_bnf_appended
steps/compute_cmvn_stats.sh data/cv_test_onlynz_mfcc_bnf_appended exp/make_cmvn_mfcc_bnf exp/append_mfcc_bnf
Succeeded creating CMVN stats for cv_test_onlynz_mfcc_bnf_appended
steps/nnet3/decode.sh --nj 20 --cmd run.pl --mem 4G --online-ivector-dir exp/nnet3/ivectors_cv_test_onlyindian exp/tri4/graph_sw1_tg data/cv_test_onlyindian_mfcc_bnf_appended exp/nnet3/tdnn_bnf300_appended_cv_train_nz_15000/decode_cv_test_onlyindian_mfcc_bnf_appended
steps/nnet3/decode.sh: feature type is raw
steps/diagnostic/analyze_lats.sh --cmd run.pl --mem 4G --iter final exp/tri4/graph_sw1_tg exp/nnet3/tdnn_bnf300_appended_cv_train_nz_15000/decode_cv_test_onlyindian_mfcc_bnf_appended
analyze_phone_length_stats.py: WARNING: optional-silence sil is seen only 79.7752808989% of the time at utterance end.  This may not be optimal.
steps/diagnostic/analyze_lats.sh: see stats in exp/nnet3/tdnn_bnf300_appended_cv_train_nz_15000/decode_cv_test_onlyindian_mfcc_bnf_appended/log/analyze_alignments.log
Overall, lattice depth (10,50,90-percentile)=(3,16,83) and mean=31.5
steps/diagnostic/analyze_lats.sh: see stats in exp/nnet3/tdnn_bnf300_appended_cv_train_nz_15000/decode_cv_test_onlyindian_mfcc_bnf_appended/log/analyze_lattice_depth_stats.log
score best paths
local/score.sh --iter final --cmd run.pl --mem 4G data/cv_test_onlyindian_mfcc_bnf_appended exp/tri4/graph_sw1_tg exp/nnet3/tdnn_bnf300_appended_cv_train_nz_15000/decode_cv_test_onlyindian_mfcc_bnf_appended
local/score.sh: scoring with word insertion penalty=0.0,0.5,1.0
score confidence and timing with sclite
Decoding done.
steps/nnet3/decode.sh --nj 20 --cmd run.pl --mem 4G --online-ivector-dir exp/nnet3/ivectors_cv_dev_nz exp/tri4/graph_sw1_tg data/cv_dev_nz_mfcc_bnf_appended exp/nnet3/tdnn_bnf300_appended_cv_train_nz_15000/decode_cv_dev_nz_mfcc_bnf_appended
steps/nnet3/decode.sh: feature type is raw
steps/diagnostic/analyze_lats.sh --cmd run.pl --mem 4G --iter final exp/tri4/graph_sw1_tg exp/nnet3/tdnn_bnf300_appended_cv_train_nz_15000/decode_cv_dev_nz_mfcc_bnf_appended
steps/diagnostic/analyze_lats.sh: see stats in exp/nnet3/tdnn_bnf300_appended_cv_train_nz_15000/decode_cv_dev_nz_mfcc_bnf_appended/log/analyze_alignments.log
Overall, lattice depth (10,50,90-percentile)=(1,4,27) and mean=11.5
steps/diagnostic/analyze_lats.sh: see stats in exp/nnet3/tdnn_bnf300_appended_cv_train_nz_15000/decode_cv_dev_nz_mfcc_bnf_appended/log/analyze_lattice_depth_stats.log
score best paths
local/score.sh --iter final --cmd run.pl --mem 4G data/cv_dev_nz_mfcc_bnf_appended exp/tri4/graph_sw1_tg exp/nnet3/tdnn_bnf300_appended_cv_train_nz_15000/decode_cv_dev_nz_mfcc_bnf_appended
local/score.sh: scoring with word insertion penalty=0.0,0.5,1.0
score confidence and timing with sclite
Decoding done.
steps/nnet3/decode.sh --nj 20 --cmd run.pl --mem 4G --online-ivector-dir exp/nnet3/ivectors_cv_test_onlynz exp/tri4/graph_sw1_tg data/cv_test_onlynz_mfcc_bnf_appended exp/nnet3/tdnn_bnf300_appended_cv_train_nz_15000/decode_cv_test_onlynz_mfcc_bnf_appended
steps/nnet3/decode.sh: feature type is raw
steps/diagnostic/analyze_lats.sh --cmd run.pl --mem 4G --iter final exp/tri4/graph_sw1_tg exp/nnet3/tdnn_bnf300_appended_cv_train_nz_15000/decode_cv_test_onlynz_mfcc_bnf_appended
steps/diagnostic/analyze_lats.sh: see stats in exp/nnet3/tdnn_bnf300_appended_cv_train_nz_15000/decode_cv_test_onlynz_mfcc_bnf_appended/log/analyze_alignments.log
Overall, lattice depth (10,50,90-percentile)=(1,5,25) and mean=10.9
steps/diagnostic/analyze_lats.sh: see stats in exp/nnet3/tdnn_bnf300_appended_cv_train_nz_15000/decode_cv_test_onlynz_mfcc_bnf_appended/log/analyze_lattice_depth_stats.log
score best paths
local/score.sh --iter final --cmd run.pl --mem 4G data/cv_test_onlynz_mfcc_bnf_appended exp/tri4/graph_sw1_tg exp/nnet3/tdnn_bnf300_appended_cv_train_nz_15000/decode_cv_test_onlynz_mfcc_bnf_appended
local/score.sh: scoring with word insertion penalty=0.0,0.5,1.0
score confidence and timing with sclite
Decoding done.
%WER 21.87 [ 2271 / 10386, 276 ins, 356 del, 1639 sub ] exp/nnet3/tdnn_bnf300_appended_cv_train_nz_15000/decode_cv_dev_nz_mfcc_bnf_appended/wer_10_1.0
%WER 54.12 [ 440 / 813, 33 ins, 102 del, 305 sub ] exp/nnet3/tdnn_bnf300_appended_cv_train_nz_15000/decode_cv_test_onlyindian_mfcc_bnf_appended/wer_15_1.0
%WER 22.13 [ 1126 / 5089, 108 ins, 142 del, 876 sub ] exp/nnet3/tdnn_bnf300_appended_cv_train_nz_15000/decode_cv_test_onlynz_mfcc_bnf_appended/wer_11_1.0
