utils/fix_data_dir.sh: file data/cv_test_onlyindian_bnf/feats.scp is not in sorted order or not unique, sorting it
fix_data_dir.sh: kept all 89 utterances.
fix_data_dir.sh: old files are kept in data/cv_test_onlyindian_bnf/.backup
steps/append_feats.sh --cmd run.pl --nj 20 data/cv_test_onlyindian_bnf data/cv_test_onlyindian_hires data/cv_test_onlyindian_mfcc_bnf_appended exp/append_hires_mfcc_bnf/cv_test_onlyindian exp/append_mfcc_bnf
Succeeded pasting features for cv_test_onlyindian_mfcc_bnf_appended into data/cv_test_onlyindian_mfcc_bnf_appended
steps/compute_cmvn_stats.sh data/cv_test_onlyindian_mfcc_bnf_appended exp/make_cmvn_mfcc_bnf exp/append_mfcc_bnf
Succeeded creating CMVN stats for cv_test_onlyindian_mfcc_bnf_appended
fix_data_dir.sh: kept all 89 utterances.
fix_data_dir.sh: old files are kept in data/cv_test_onlyindian_mfcc_bnf_appended/.backup
utils/fix_data_dir.sh: file data/cv_dev_nz_bnf/feats.scp is not in sorted order or not unique, sorting it
fix_data_dir.sh: kept all 1142 utterances.
fix_data_dir.sh: old files are kept in data/cv_dev_nz_bnf/.backup
steps/append_feats.sh --cmd run.pl --nj 20 data/cv_dev_nz_bnf data/cv_dev_nz_hires data/cv_dev_nz_mfcc_bnf_appended exp/append_hires_mfcc_bnf/cv_dev_nz exp/append_mfcc_bnf
Succeeded pasting features for cv_dev_nz_mfcc_bnf_appended into data/cv_dev_nz_mfcc_bnf_appended
steps/compute_cmvn_stats.sh data/cv_dev_nz_mfcc_bnf_appended exp/make_cmvn_mfcc_bnf exp/append_mfcc_bnf
Succeeded creating CMVN stats for cv_dev_nz_mfcc_bnf_appended
fix_data_dir.sh: kept all 1142 utterances.
fix_data_dir.sh: old files are kept in data/cv_dev_nz_mfcc_bnf_appended/.backup
utils/fix_data_dir.sh: file data/cv_test_onlynz_bnf/feats.scp is not in sorted order or not unique, sorting it
fix_data_dir.sh: kept all 536 utterances.
fix_data_dir.sh: old files are kept in data/cv_test_onlynz_bnf/.backup
steps/append_feats.sh --cmd run.pl --nj 20 data/cv_test_onlynz_bnf data/cv_test_onlynz_hires data/cv_test_onlynz_mfcc_bnf_appended exp/append_hires_mfcc_bnf/cv_test_onlynz exp/append_mfcc_bnf
Succeeded pasting features for cv_test_onlynz_mfcc_bnf_appended into data/cv_test_onlynz_mfcc_bnf_appended
steps/compute_cmvn_stats.sh data/cv_test_onlynz_mfcc_bnf_appended exp/make_cmvn_mfcc_bnf exp/append_mfcc_bnf
Succeeded creating CMVN stats for cv_test_onlynz_mfcc_bnf_appended
fix_data_dir.sh: kept all 536 utterances.
fix_data_dir.sh: old files are kept in data/cv_test_onlynz_mfcc_bnf_appended/.backup
steps/nnet3/decode.sh --nj 20 --cmd run.pl --mem 4G --online-ivector-dir exp/nnet3/ivectors_cv_test_onlyindian exp/tri4/graph_sw1_tg data/cv_test_onlyindian_mfcc_bnf_appended exp/nnet3/tdnn_bnf300_appended_utt_level_cv_train_nz/decode_cv_test_onlyindian_mfcc_bnf_appended
steps/nnet3/decode.sh: feature type is raw
steps/diagnostic/analyze_lats.sh --cmd run.pl --mem 4G --iter final exp/tri4/graph_sw1_tg exp/nnet3/tdnn_bnf300_appended_utt_level_cv_train_nz/decode_cv_test_onlyindian_mfcc_bnf_appended
analyze_phone_length_stats.py: WARNING: optional-silence sil is seen only 71.9101123596% of the time at utterance end.  This may not be optimal.
steps/diagnostic/analyze_lats.sh: see stats in exp/nnet3/tdnn_bnf300_appended_utt_level_cv_train_nz/decode_cv_test_onlyindian_mfcc_bnf_appended/log/analyze_alignments.log
Overall, lattice depth (10,50,90-percentile)=(2,15,77) and mean=29.7
steps/diagnostic/analyze_lats.sh: see stats in exp/nnet3/tdnn_bnf300_appended_utt_level_cv_train_nz/decode_cv_test_onlyindian_mfcc_bnf_appended/log/analyze_lattice_depth_stats.log
score best paths
local/score.sh --iter final --cmd run.pl --mem 4G data/cv_test_onlyindian_mfcc_bnf_appended exp/tri4/graph_sw1_tg exp/nnet3/tdnn_bnf300_appended_utt_level_cv_train_nz/decode_cv_test_onlyindian_mfcc_bnf_appended
local/score.sh: scoring with word insertion penalty=0.0,0.5,1.0
score confidence and timing with sclite
Decoding done.
steps/nnet3/decode.sh --nj 20 --cmd run.pl --mem 4G --online-ivector-dir exp/nnet3/ivectors_cv_dev_nz exp/tri4/graph_sw1_tg data/cv_dev_nz_mfcc_bnf_appended exp/nnet3/tdnn_bnf300_appended_utt_level_cv_train_nz/decode_cv_dev_nz_mfcc_bnf_appended
steps/nnet3/decode.sh: feature type is raw
steps/diagnostic/analyze_lats.sh --cmd run.pl --mem 4G --iter final exp/tri4/graph_sw1_tg exp/nnet3/tdnn_bnf300_appended_utt_level_cv_train_nz/decode_cv_dev_nz_mfcc_bnf_appended
steps/diagnostic/analyze_lats.sh: see stats in exp/nnet3/tdnn_bnf300_appended_utt_level_cv_train_nz/decode_cv_dev_nz_mfcc_bnf_appended/log/analyze_alignments.log
Overall, lattice depth (10,50,90-percentile)=(1,4,26) and mean=11.0
steps/diagnostic/analyze_lats.sh: see stats in exp/nnet3/tdnn_bnf300_appended_utt_level_cv_train_nz/decode_cv_dev_nz_mfcc_bnf_appended/log/analyze_lattice_depth_stats.log
score best paths
local/score.sh --iter final --cmd run.pl --mem 4G data/cv_dev_nz_mfcc_bnf_appended exp/tri4/graph_sw1_tg exp/nnet3/tdnn_bnf300_appended_utt_level_cv_train_nz/decode_cv_dev_nz_mfcc_bnf_appended
local/score.sh: scoring with word insertion penalty=0.0,0.5,1.0
score confidence and timing with sclite
Decoding done.
steps/nnet3/decode.sh --nj 20 --cmd run.pl --mem 4G --online-ivector-dir exp/nnet3/ivectors_cv_test_onlynz exp/tri4/graph_sw1_tg data/cv_test_onlynz_mfcc_bnf_appended exp/nnet3/tdnn_bnf300_appended_utt_level_cv_train_nz/decode_cv_test_onlynz_mfcc_bnf_appended
steps/nnet3/decode.sh: feature type is raw
steps/diagnostic/analyze_lats.sh --cmd run.pl --mem 4G --iter final exp/tri4/graph_sw1_tg exp/nnet3/tdnn_bnf300_appended_utt_level_cv_train_nz/decode_cv_test_onlynz_mfcc_bnf_appended
steps/diagnostic/analyze_lats.sh: see stats in exp/nnet3/tdnn_bnf300_appended_utt_level_cv_train_nz/decode_cv_test_onlynz_mfcc_bnf_appended/log/analyze_alignments.log
Overall, lattice depth (10,50,90-percentile)=(1,5,26) and mean=11.1
steps/diagnostic/analyze_lats.sh: see stats in exp/nnet3/tdnn_bnf300_appended_utt_level_cv_train_nz/decode_cv_test_onlynz_mfcc_bnf_appended/log/analyze_lattice_depth_stats.log
score best paths
local/score.sh --iter final --cmd run.pl --mem 4G data/cv_test_onlynz_mfcc_bnf_appended exp/tri4/graph_sw1_tg exp/nnet3/tdnn_bnf300_appended_utt_level_cv_train_nz/decode_cv_test_onlynz_mfcc_bnf_appended
local/score.sh: scoring with word insertion penalty=0.0,0.5,1.0
score confidence and timing with sclite
Decoding done.
%WER 20.94 [ 2175 / 10386, 284 ins, 360 del, 1531 sub ] exp/nnet3/tdnn_bnf300_appended_utt_level_cv_train_nz/decode_cv_dev_nz_mfcc_bnf_appended/wer_10_1.0
%WER 51.41 [ 418 / 813, 28 ins, 91 del, 299 sub ] exp/nnet3/tdnn_bnf300_appended_utt_level_cv_train_nz/decode_cv_test_onlyindian_mfcc_bnf_appended/wer_16_1.0
%WER 23.01 [ 1171 / 5089, 139 ins, 128 del, 904 sub ] exp/nnet3/tdnn_bnf300_appended_utt_level_cv_train_nz/decode_cv_test_onlynz_mfcc_bnf_appended/wer_10_1.0
