feat-to-dim scp:data/cv_train_nz_sp_bnf/feats.scp - 
steps/nnet3/xconfig_to_configs.py --xconfig-file exp/nnet3/tdnn_bnf300-appended-withivectors_7accents_nz_withoutmfcc/configs/network.xconfig --config-dir exp/nnet3/tdnn_bnf300-appended-withivectors_7accents_nz_withoutmfcc/configs/
nnet3-init exp/nnet3/tdnn_bnf300-appended-withivectors_7accents_nz_withoutmfcc/configs//ref.config exp/nnet3/tdnn_bnf300-appended-withivectors_7accents_nz_withoutmfcc/configs//ref.raw 
LOG (nnet3-init[5.2.204~1-08848]:main():nnet3-init.cc:80) Initialized raw neural net and wrote it to exp/nnet3/tdnn_bnf300-appended-withivectors_7accents_nz_withoutmfcc/configs//ref.raw
nnet3-info exp/nnet3/tdnn_bnf300-appended-withivectors_7accents_nz_withoutmfcc/configs//ref.raw 
nnet3-init exp/nnet3/tdnn_bnf300-appended-withivectors_7accents_nz_withoutmfcc/configs//ref.config exp/nnet3/tdnn_bnf300-appended-withivectors_7accents_nz_withoutmfcc/configs//ref.raw 
LOG (nnet3-init[5.2.204~1-08848]:main():nnet3-init.cc:80) Initialized raw neural net and wrote it to exp/nnet3/tdnn_bnf300-appended-withivectors_7accents_nz_withoutmfcc/configs//ref.raw
nnet3-info exp/nnet3/tdnn_bnf300-appended-withivectors_7accents_nz_withoutmfcc/configs//ref.raw 
./run_with_accent_embedding_with_ivectors.sh: calling get_egs.sh for generating examples with alignments as output
steps/nnet3/get_egs.sh --cmvn-opts --norm-means=false --norm-vars=false --online-ivector-dir exp/nnet3/ivectors_cv_train_nz_sp --left-context 16 --right-context 12 --num-utts-subset 300 --nj 20 --samples-per-iter 400000 --cmd run.pl --frames-per-eg 8 data/cv_train_nz_sp_bnf exp/tri4_cv_train_nz_sp_ali exp/nnet3/tdnn_bnf300-appended-withivectors_7accents_nz_withoutmfcc/egs
steps/nnet3/get_egs.sh: feature type is raw
feat-to-dim scp:exp/nnet3/ivectors_cv_train_nz_sp/ivector_online.scp - 
steps/nnet3/get_egs.sh: working out number of frames of training data
steps/nnet3/get_egs.sh: working out feature dim
steps/nnet3/get_egs.sh: creating 12 archives, each with 387321 egs, with
steps/nnet3/get_egs.sh:   8 labels per example, and (left,right) context = (16,12)
steps/nnet3/get_egs.sh: copying data alignments
copy-int-vector ark:- ark,scp:exp/nnet3/tdnn_bnf300-appended-withivectors_7accents_nz_withoutmfcc/egs/ali.ark,exp/nnet3/tdnn_bnf300-appended-withivectors_7accents_nz_withoutmfcc/egs/ali.scp 
LOG (copy-int-vector[5.2.204~1-08848]:main():copy-int-vector.cc:83) Copied 92660 vectors of int32.
steps/nnet3/get_egs.sh: Getting validation and training subset examples.
steps/nnet3/get_egs.sh: ... extracting validation and training-subset alignments.
... Getting subsets of validation examples for diagnostics and combination.
steps/nnet3/get_egs.sh: Generating training examples on disk
steps/nnet3/get_egs.sh: recombining and shuffling order of archives on disk
steps/nnet3/get_egs.sh: removing temporary archives
steps/nnet3/get_egs.sh: removing temporary alignments and transforms
steps/nnet3/get_egs.sh: Finished preparing training examples
2018-02-22 22:06:06,204 [steps/nnet3/train_dnn.py:35 - <module> - INFO ] Starting DNN trainer (train_dnn.py)
steps/nnet3/train_dnn.py --stage=-10 --cmd=run.pl --mem 4G --feat.cmvn-opts=--norm-means=false --norm-vars=false --trainer.num-epochs 2 --trainer.optimization.num-jobs-initial 3 --trainer.optimization.num-jobs-final 12 --trainer.optimization.initial-effective-lrate 0.0017 --trainer.optimization.final-effective-lrate 0.00017 --egs.dir exp/nnet3/tdnn_bnf300-appended-withivectors_7accents_nz_withoutmfcc/egs --feat.online-ivector-dir exp/nnet3/ivectors_cv_train_nz_sp --cleanup.preserve-model-interval 20 --use-gpu true --ali-dir exp/tri4_cv_train_nz_sp_ali --lang data/lang --feat-dir=data/cv_train_nz_sp_bnf --reporting.email= --dir exp/nnet3/tdnn_bnf300-appended-withivectors_7accents_nz_withoutmfcc
['steps/nnet3/train_dnn.py', '--stage=-10', '--cmd=run.pl --mem 4G', '--feat.cmvn-opts=--norm-means=false --norm-vars=false', '--trainer.num-epochs', '2', '--trainer.optimization.num-jobs-initial', '3', '--trainer.optimization.num-jobs-final', '12', '--trainer.optimization.initial-effective-lrate', '0.0017', '--trainer.optimization.final-effective-lrate', '0.00017', '--egs.dir', 'exp/nnet3/tdnn_bnf300-appended-withivectors_7accents_nz_withoutmfcc/egs', '--feat.online-ivector-dir', 'exp/nnet3/ivectors_cv_train_nz_sp', '--cleanup.preserve-model-interval', '20', '--use-gpu', 'true', '--ali-dir', 'exp/tri4_cv_train_nz_sp_ali', '--lang', 'data/lang', '--feat-dir=data/cv_train_nz_sp_bnf', '--reporting.email=', '--dir', 'exp/nnet3/tdnn_bnf300-appended-withivectors_7accents_nz_withoutmfcc']
2018-02-22 22:06:06,218 [steps/nnet3/train_dnn.py:163 - train - INFO ] Arguments for the experiment
{'ali_dir': 'exp/tri4_cv_train_nz_sp_ali',
 'backstitch_training_interval': 1,
 'backstitch_training_scale': 0.0,
 'cleanup': True,
 'cmvn_opts': '--norm-means=false --norm-vars=false',
 'combine_sum_to_one_penalty': 0.0,
 'command': 'run.pl --mem 4G',
 'compute_per_dim_accuracy': False,
 'dir': 'exp/nnet3/tdnn_bnf300-appended-withivectors_7accents_nz_withoutmfcc',
 'do_final_combination': True,
 'dropout_schedule': None,
 'egs_command': None,
 'egs_dir': 'exp/nnet3/tdnn_bnf300-appended-withivectors_7accents_nz_withoutmfcc/egs',
 'egs_opts': None,
 'egs_stage': 0,
 'email': None,
 'exit_stage': None,
 'feat_dir': 'data/cv_train_nz_sp_bnf',
 'final_effective_lrate': 0.00017,
 'frames_per_eg': 8,
 'initial_effective_lrate': 0.0017,
 'lang': 'data/lang',
 'max_lda_jobs': 10,
 'max_models_combine': 20,
 'max_param_change': 2.0,
 'minibatch_size': '512',
 'momentum': 0.0,
 'num_epochs': 2.0,
 'num_jobs_compute_prior': 10,
 'num_jobs_final': 12,
 'num_jobs_initial': 3,
 'online_ivector_dir': 'exp/nnet3/ivectors_cv_train_nz_sp',
 'preserve_model_interval': 20,
 'presoftmax_prior_scale_power': -0.25,
 'prior_subset_size': 20000,
 'proportional_shrink': 0.0,
 'rand_prune': 4.0,
 'remove_egs': True,
 'reporting_interval': 0.1,
 'samples_per_iter': 400000,
 'shuffle_buffer_size': 5000,
 'srand': 0,
 'stage': -10,
 'transform_dir': 'exp/tri4_cv_train_nz_sp_ali',
 'use_gpu': True}
2018-02-22 22:06:06,292 [steps/nnet3/train_dnn.py:263 - train - INFO ] Computing initial vector for FixedScaleComponent before softmax, using priors^-0.25 and rescaling to average 1
2018-02-22 22:06:10,831 [steps/nnet3/train_dnn.py:270 - train - INFO ] Preparing the initial acoustic model.
2018-02-22 22:06:18,038 [steps/nnet3/train_dnn.py:295 - train - INFO ] Training will run for 2.0 epochs = 25 iterations
2018-02-22 22:06:18,038 [steps/libs/nnet3/train/frame_level_objf/common.py:201 - train_one_iteration - INFO ] Training neural net (pass 0)
2018-02-22 22:06:18,044 [steps/libs/nnet3/train/frame_level_objf/common.py:265 - train_one_iteration - INFO ] On iteration 0, learning rate is 0.0051.
2018-02-22 22:08:53,446 [steps/libs/nnet3/train/frame_level_objf/common.py:201 - train_one_iteration - INFO ] Training neural net (pass 1)
2018-02-22 22:08:53,455 [steps/libs/nnet3/train/frame_level_objf/common.py:265 - train_one_iteration - INFO ] On iteration 1, learning rate is 0.00491977426155.
2018-02-22 22:11:24,575 [steps/libs/nnet3/train/frame_level_objf/common.py:201 - train_one_iteration - INFO ] Training neural net (pass 2)
2018-02-22 22:11:24,583 [steps/libs/nnet3/train/frame_level_objf/common.py:265 - train_one_iteration - INFO ] On iteration 2, learning rate is 0.00632788987832.
2018-02-22 22:14:02,595 [steps/libs/nnet3/train/frame_level_objf/common.py:201 - train_one_iteration - INFO ] Training neural net (pass 3)
2018-02-22 22:14:02,606 [steps/libs/nnet3/train/frame_level_objf/common.py:265 - train_one_iteration - INFO ] On iteration 3, learning rate is 0.00603150343332.
2018-02-22 22:16:43,047 [steps/libs/nnet3/train/frame_level_objf/common.py:201 - train_one_iteration - INFO ] Training neural net (pass 4)
2018-02-22 22:16:43,056 [steps/libs/nnet3/train/frame_level_objf/common.py:265 - train_one_iteration - INFO ] On iteration 4, learning rate is 0.00574899917124.
2018-02-22 22:19:20,558 [steps/libs/nnet3/train/frame_level_objf/common.py:201 - train_one_iteration - INFO ] Training neural net (pass 5)
2018-02-22 22:19:20,566 [steps/libs/nnet3/train/frame_level_objf/common.py:265 - train_one_iteration - INFO ] On iteration 5, learning rate is 0.00684965859597.
2018-02-22 22:22:02,411 [steps/libs/nnet3/train/frame_level_objf/common.py:201 - train_one_iteration - INFO ] Training neural net (pass 6)
2018-02-22 22:22:02,421 [steps/libs/nnet3/train/frame_level_objf/common.py:265 - train_one_iteration - INFO ] On iteration 6, learning rate is 0.00645100322559.
2018-02-22 22:24:42,653 [steps/libs/nnet3/train/frame_level_objf/common.py:201 - train_one_iteration - INFO ] Training neural net (pass 7)
2018-02-22 22:24:42,663 [steps/libs/nnet3/train/frame_level_objf/common.py:265 - train_one_iteration - INFO ] On iteration 7, learning rate is 0.0072906598833.
2018-02-22 22:27:48,710 [steps/libs/nnet3/train/frame_level_objf/common.py:201 - train_one_iteration - INFO ] Training neural net (pass 8)
2018-02-22 22:27:48,719 [steps/libs/nnet3/train/frame_level_objf/common.py:265 - train_one_iteration - INFO ] On iteration 8, learning rate is 0.00678448424733.
2018-02-22 22:30:30,504 [steps/libs/nnet3/train/frame_level_objf/common.py:201 - train_one_iteration - INFO ] Training neural net (pass 9)
2018-02-22 22:30:30,513 [steps/libs/nnet3/train/frame_level_objf/common.py:265 - train_one_iteration - INFO ] On iteration 9, learning rate is 0.00631345135269.
2018-02-22 22:33:12,306 [steps/libs/nnet3/train/frame_level_objf/common.py:201 - train_one_iteration - INFO ] Training neural net (pass 10)
2018-02-22 22:33:12,315 [steps/libs/nnet3/train/frame_level_objf/common.py:265 - train_one_iteration - INFO ] On iteration 10, learning rate is 0.00685430819568.
2018-02-22 22:36:47,744 [steps/libs/nnet3/train/frame_level_objf/common.py:201 - train_one_iteration - INFO ] Training neural net (pass 11)
2018-02-22 22:36:47,753 [steps/libs/nnet3/train/frame_level_objf/common.py:265 - train_one_iteration - INFO ] On iteration 11, learning rate is 0.00630239029539.
2018-02-22 22:39:55,951 [steps/libs/nnet3/train/frame_level_objf/common.py:201 - train_one_iteration - INFO ] Training neural net (pass 12)
2018-02-22 22:39:55,961 [steps/libs/nnet3/train/frame_level_objf/common.py:265 - train_one_iteration - INFO ] On iteration 12, learning rate is 0.00579491354947.
2018-02-22 22:42:41,260 [steps/libs/nnet3/train/frame_level_objf/common.py:201 - train_one_iteration - INFO ] Training neural net (pass 13)
2018-02-22 22:42:41,274 [steps/libs/nnet3/train/frame_level_objf/common.py:265 - train_one_iteration - INFO ] On iteration 13, learning rate is 0.00608948514034.
2018-02-22 22:46:47,312 [steps/libs/nnet3/train/frame_level_objf/common.py:201 - train_one_iteration - INFO ] Training neural net (pass 14)
2018-02-22 22:46:47,322 [steps/libs/nnet3/train/frame_level_objf/common.py:265 - train_one_iteration - INFO ] On iteration 14, learning rate is 0.00553240427667.
2018-02-22 22:50:26,098 [steps/libs/nnet3/train/frame_level_objf/common.py:201 - train_one_iteration - INFO ] Training neural net (pass 15)
2018-02-22 22:50:26,114 [steps/libs/nnet3/train/frame_level_objf/common.py:265 - train_one_iteration - INFO ] On iteration 15, learning rate is 0.00502628652097.
2018-02-22 22:53:36,656 [steps/libs/nnet3/train/frame_level_objf/common.py:201 - train_one_iteration - INFO ] Training neural net (pass 16)
2018-02-22 22:53:36,666 [steps/libs/nnet3/train/frame_level_objf/common.py:265 - train_one_iteration - INFO ] On iteration 16, learning rate is 0.00513727835013.
2018-02-22 22:57:17,716 [steps/libs/nnet3/train/frame_level_objf/common.py:201 - train_one_iteration - INFO ] Training neural net (pass 17)
2018-02-22 22:57:17,727 [steps/libs/nnet3/train/frame_level_objf/common.py:265 - train_one_iteration - INFO ] On iteration 17, learning rate is 0.00461166867071.
2018-02-22 23:00:11,712 [steps/libs/nnet3/train/frame_level_objf/common.py:201 - train_one_iteration - INFO ] Training neural net (pass 18)
2018-02-22 23:00:11,722 [steps/libs/nnet3/train/frame_level_objf/common.py:265 - train_one_iteration - INFO ] On iteration 18, learning rate is 0.00413983562481.
2018-02-22 23:03:26,228 [steps/libs/nnet3/train/frame_level_objf/common.py:201 - train_one_iteration - INFO ] Training neural net (pass 19)
2018-02-22 23:03:26,237 [steps/libs/nnet3/train/frame_level_objf/common.py:265 - train_one_iteration - INFO ] On iteration 19, learning rate is 0.00412919685649.
2018-02-22 23:08:05,651 [steps/libs/nnet3/train/frame_level_objf/common.py:201 - train_one_iteration - INFO ] Training neural net (pass 20)
2018-02-22 23:08:05,661 [steps/libs/nnet3/train/frame_level_objf/common.py:265 - train_one_iteration - INFO ] On iteration 20, learning rate is 0.00366253897305.
2018-02-22 23:14:03,120 [steps/libs/nnet3/train/frame_level_objf/common.py:201 - train_one_iteration - INFO ] Training neural net (pass 21)
2018-02-22 23:14:03,129 [steps/libs/nnet3/train/frame_level_objf/common.py:265 - train_one_iteration - INFO ] On iteration 21, learning rate is 0.00357348206319.
2018-02-22 23:19:39,015 [steps/libs/nnet3/train/frame_level_objf/common.py:201 - train_one_iteration - INFO ] Training neural net (pass 22)
2018-02-22 23:19:39,026 [steps/libs/nnet3/train/frame_level_objf/common.py:265 - train_one_iteration - INFO ] On iteration 22, learning rate is 0.00313184269149.
2018-02-22 23:25:15,439 [steps/libs/nnet3/train/frame_level_objf/common.py:201 - train_one_iteration - INFO ] Training neural net (pass 23)
2018-02-22 23:25:15,449 [steps/libs/nnet3/train/frame_level_objf/common.py:265 - train_one_iteration - INFO ] On iteration 23, learning rate is 0.00274478463045.
2018-02-22 23:30:51,764 [steps/libs/nnet3/train/frame_level_objf/common.py:201 - train_one_iteration - INFO ] Training neural net (pass 24)
2018-02-22 23:30:51,774 [steps/libs/nnet3/train/frame_level_objf/common.py:265 - train_one_iteration - INFO ] On iteration 24, learning rate is 0.00204.
2018-02-22 23:36:31,629 [steps/nnet3/train_dnn.py:361 - train - INFO ] Doing final combination to produce final.mdl
2018-02-22 23:36:31,630 [steps/libs/nnet3/train/frame_level_objf/common.py:466 - combine_models - INFO ] Combining set([14, 15, 16, 17, 18, 19, 20, 21, 22, 23, 24, 25]) models.
2018-02-22 23:40:45,371 [steps/nnet3/train_dnn.py:370 - train - INFO ] Getting average posterior for purposes of adjusting the priors.
2018-02-22 23:45:42,494 [steps/nnet3/train_dnn.py:381 - train - INFO ] Re-adjusting priors based on computed posteriors
2018-02-22 23:45:43,032 [steps/nnet3/train_dnn.py:391 - train - INFO ] Cleaning up the experiment directory exp/nnet3/tdnn_bnf300-appended-withivectors_7accents_nz_withoutmfcc
exp/nnet3/tdnn_bnf300-appended-withivectors_7accents_nz_withoutmfcc: num-iters=53 nj=3..3 num-params=22.5M dim=300+100->9054 combine=-3.36->-3.13 loglike:train/valid[34,52,combined]=(-4.54,-4.19,-3.19/-4.36,-4.14,-3.59) accuracy:train/valid[34,52,combined]=(0.27,0.29,0.37/0.31,0.32,0.34)
cat: data/_bnf/utt2spk: No such file or directory
steps/nnet3/decode.sh --nj 20 --cmd run.pl --mem 4G --online-ivector-dir exp/nnet3/ivectors_cv_test_onlyindian exp/tri4/graph_sw1_tg data/_bnf exp/nnet3/tdnn_bnf300-appended-withivectors_7accents_nz_withoutmfcc/decode_cv_test_onlyindian_mfcc_bnf_appended
steps/nnet3/decode.sh: no such file data/_bnf/feats.scp
