steps/nnet3/make_bottleneck_features.sh --nj 20 --use-gpu true --cmd run.pl tdnn_bn.renorm data/cv_train_nz_sp_hires data/cv_train_nz_sp_bnf /exp/abhinav/accent_recognizer_exp/nnet3/tdnn_1024nodes_300bnlayer_except_newzealand exp/make_bnf/cv_train_nz_sp exp/make_bnf
steps/nnet3/make_bottleneck_features.sh: Generating bottleneck features using /exp/abhinav/accent_recognizer_exp/nnet3/tdnn_1024nodes_300bnlayer_except_newzealand/final.raw model as output of 
    component-node with name tdnn_bn.renorm.
steps/nnet3/make_bottleneck_features.sh: computing CMVN stats.
steps/compute_cmvn_stats.sh data/cv_train_nz_sp_bnf
Succeeded creating CMVN stats for cv_train_nz_sp_bnf
steps/nnet3/make_bottleneck_features.sh: done making BNF feats.scp.
steps/append_feats.sh --cmd run.pl --nj 20 data/cv_train_nz_sp_bnf data/cv_train_nz_sp_hires data/cv_train_nz_mfcc_bnf_appended_sp exp/append_hires_mfcc_bnf/cv_train_nz_sp exp/append_mfcc_bnf
Succeeded pasting features for cv_train_nz_mfcc_bnf_appended_sp into data/cv_train_nz_mfcc_bnf_appended_sp
steps/compute_cmvn_stats.sh data/cv_train_nz_mfcc_bnf_appended_sp exp/make_cmvn_mfcc_bnf exp/append_mfcc_bnf
Succeeded creating CMVN stats for cv_train_nz_mfcc_bnf_appended_sp
feat-to-dim scp:data/cv_train_nz_mfcc_bnf_appended_sp/feats.scp - 
steps/nnet3/xconfig_to_configs.py --xconfig-file exp/nnet3/tdnn_bnf300-appended-withivectors_exceptnewzealand/configs/network.xconfig --config-dir exp/nnet3/tdnn_bnf300-appended-withivectors_exceptnewzealand/configs/
nnet3-init exp/nnet3/tdnn_bnf300-appended-withivectors_exceptnewzealand/configs//ref.config exp/nnet3/tdnn_bnf300-appended-withivectors_exceptnewzealand/configs//ref.raw 
LOG (nnet3-init[5.2.204~1-08848]:main():nnet3-init.cc:80) Initialized raw neural net and wrote it to exp/nnet3/tdnn_bnf300-appended-withivectors_exceptnewzealand/configs//ref.raw
nnet3-info exp/nnet3/tdnn_bnf300-appended-withivectors_exceptnewzealand/configs//ref.raw 
nnet3-init exp/nnet3/tdnn_bnf300-appended-withivectors_exceptnewzealand/configs//ref.config exp/nnet3/tdnn_bnf300-appended-withivectors_exceptnewzealand/configs//ref.raw 
LOG (nnet3-init[5.2.204~1-08848]:main():nnet3-init.cc:80) Initialized raw neural net and wrote it to exp/nnet3/tdnn_bnf300-appended-withivectors_exceptnewzealand/configs//ref.raw
nnet3-info exp/nnet3/tdnn_bnf300-appended-withivectors_exceptnewzealand/configs//ref.raw 
./run_with_accent_embedding_with_ivectors.sh: calling get_egs.sh for generating examples with alignments as output
steps/nnet3/get_egs.sh --cmvn-opts --norm-means=false --norm-vars=false --online-ivector-dir exp/nnet3/ivectors_cv_train_nz_sp --left-context 16 --right-context 12 --num-utts-subset 300 --nj 20 --samples-per-iter 50000 --cmd run.pl --frames-per-eg 8 data/cv_train_nz_mfcc_bnf_appended_sp exp/tri4_cv_train_nz_sp_ali exp/nnet3/tdnn_bnf300-appended-withivectors_exceptnewzealand/egs
File data/cv_train_nz_mfcc_bnf_appended_sp/utt2uniq exists, so augmenting valid_uttlist to
include all perturbed versions of the same 'real' utterances.
steps/nnet3/get_egs.sh: feature type is raw
feat-to-dim scp:exp/nnet3/ivectors_cv_train_nz_sp/ivector_online.scp - 
steps/nnet3/get_egs.sh: working out number of frames of training data
steps/nnet3/get_egs.sh: working out feature dim
steps/nnet3/get_egs.sh: creating 6 archives, each with 42120 egs, with
steps/nnet3/get_egs.sh:   8 labels per example, and (left,right) context = (16,12)
steps/nnet3/get_egs.sh: copying data alignments
copy-int-vector ark:- ark,scp:exp/nnet3/tdnn_bnf300-appended-withivectors_exceptnewzealand/egs/ali.ark,exp/nnet3/tdnn_bnf300-appended-withivectors_exceptnewzealand/egs/ali.scp 
LOG (copy-int-vector[5.2.204~1-08848]:main():copy-int-vector.cc:83) Copied 92660 vectors of int32.
steps/nnet3/get_egs.sh: Getting validation and training subset examples.
steps/nnet3/get_egs.sh: ... extracting validation and training-subset alignments.
... Getting subsets of validation examples for diagnostics and combination.
steps/nnet3/get_egs.sh: Generating training examples on disk
steps/nnet3/get_egs.sh: recombining and shuffling order of archives on disk
steps/nnet3/get_egs.sh: removing temporary archives
steps/nnet3/get_egs.sh: removing temporary alignments and transforms
steps/nnet3/get_egs.sh: Finished preparing training examples
2018-02-22 00:42:13,370 [steps/nnet3/train_dnn.py:35 - <module> - INFO ] Starting DNN trainer (train_dnn.py)
steps/nnet3/train_dnn.py --stage=-10 --cmd=run.pl --mem 4G --feat.cmvn-opts=--norm-means=false --norm-vars=false --trainer.num-epochs 2 --trainer.optimization.num-jobs-initial 3 --trainer.optimization.num-jobs-final 6 --trainer.optimization.initial-effective-lrate 0.0017 --trainer.optimization.final-effective-lrate 0.00017 --egs.dir exp/nnet3/tdnn_bnf300-appended-withivectors_exceptnewzealand/egs --feat.online-ivector-dir exp/nnet3/ivectors_cv_train_nz_sp --cleanup.preserve-model-interval 20 --use-gpu true --ali-dir exp/tri4_cv_train_nz_sp_ali --lang data/lang --feat-dir=data/cv_train_nz_mfcc_bnf_appended_sp --reporting.email= --dir exp/nnet3/tdnn_bnf300-appended-withivectors_exceptnewzealand
['steps/nnet3/train_dnn.py', '--stage=-10', '--cmd=run.pl --mem 4G', '--feat.cmvn-opts=--norm-means=false --norm-vars=false', '--trainer.num-epochs', '2', '--trainer.optimization.num-jobs-initial', '3', '--trainer.optimization.num-jobs-final', '6', '--trainer.optimization.initial-effective-lrate', '0.0017', '--trainer.optimization.final-effective-lrate', '0.00017', '--egs.dir', 'exp/nnet3/tdnn_bnf300-appended-withivectors_exceptnewzealand/egs', '--feat.online-ivector-dir', 'exp/nnet3/ivectors_cv_train_nz_sp', '--cleanup.preserve-model-interval', '20', '--use-gpu', 'true', '--ali-dir', 'exp/tri4_cv_train_nz_sp_ali', '--lang', 'data/lang', '--feat-dir=data/cv_train_nz_mfcc_bnf_appended_sp', '--reporting.email=', '--dir', 'exp/nnet3/tdnn_bnf300-appended-withivectors_exceptnewzealand']
2018-02-22 00:42:13,685 [steps/nnet3/train_dnn.py:163 - train - INFO ] Arguments for the experiment
{'ali_dir': 'exp/tri4_cv_train_nz_sp_ali',
 'backstitch_training_interval': 1,
 'backstitch_training_scale': 0.0,
 'cleanup': True,
 'cmvn_opts': '--norm-means=false --norm-vars=false',
 'combine_sum_to_one_penalty': 0.0,
 'command': 'run.pl --mem 4G',
 'compute_per_dim_accuracy': False,
 'dir': 'exp/nnet3/tdnn_bnf300-appended-withivectors_exceptnewzealand',
 'do_final_combination': True,
 'dropout_schedule': None,
 'egs_command': None,
 'egs_dir': 'exp/nnet3/tdnn_bnf300-appended-withivectors_exceptnewzealand/egs',
 'egs_opts': None,
 'egs_stage': 0,
 'email': None,
 'exit_stage': None,
 'feat_dir': 'data/cv_train_nz_mfcc_bnf_appended_sp',
 'final_effective_lrate': 0.00017,
 'frames_per_eg': 8,
 'initial_effective_lrate': 0.0017,
 'lang': 'data/lang',
 'max_lda_jobs': 10,
 'max_models_combine': 20,
 'max_param_change': 2.0,
 'minibatch_size': '512',
 'momentum': 0.0,
 'num_epochs': 2.0,
 'num_jobs_compute_prior': 10,
 'num_jobs_final': 6,
 'num_jobs_initial': 3,
 'online_ivector_dir': 'exp/nnet3/ivectors_cv_train_nz_sp',
 'preserve_model_interval': 20,
 'presoftmax_prior_scale_power': -0.25,
 'prior_subset_size': 20000,
 'proportional_shrink': 0.0,
 'rand_prune': 4.0,
 'remove_egs': True,
 'reporting_interval': 0.1,
 'samples_per_iter': 400000,
 'shuffle_buffer_size': 5000,
 'srand': 0,
 'stage': -10,
 'transform_dir': 'exp/tri4_cv_train_nz_sp_ali',
 'use_gpu': True}
2018-02-22 00:42:15,053 [steps/nnet3/train_dnn.py:263 - train - INFO ] Computing initial vector for FixedScaleComponent before softmax, using priors^-0.25 and rescaling to average 1
2018-02-22 00:42:20,056 [steps/nnet3/train_dnn.py:270 - train - INFO ] Preparing the initial acoustic model.
2018-02-22 00:42:27,094 [steps/nnet3/train_dnn.py:295 - train - INFO ] Training will run for 2.0 epochs = 21 iterations
2018-02-22 00:42:27,095 [steps/libs/nnet3/train/frame_level_objf/common.py:201 - train_one_iteration - INFO ] Training neural net (pass 0)
2018-02-22 00:42:27,100 [steps/libs/nnet3/train/frame_level_objf/common.py:265 - train_one_iteration - INFO ] On iteration 0, learning rate is 0.0051.
2018-02-22 00:48:04,213 [steps/libs/nnet3/train/frame_level_objf/common.py:201 - train_one_iteration - INFO ] Training neural net (pass 1)
2018-02-22 00:48:04,221 [steps/libs/nnet3/train/frame_level_objf/common.py:265 - train_one_iteration - INFO ] On iteration 1, learning rate is 0.00474591740874.
2018-02-22 00:53:39,981 [steps/libs/nnet3/train/frame_level_objf/common.py:201 - train_one_iteration - INFO ] Training neural net (pass 2)
2018-02-22 00:53:39,994 [steps/libs/nnet3/train/frame_level_objf/common.py:265 - train_one_iteration - INFO ] On iteration 2, learning rate is 0.00441641804914.
2018-02-22 00:59:05,206 [steps/libs/nnet3/train/frame_level_objf/common.py:201 - train_one_iteration - INFO ] Training neural net (pass 3)
2018-02-22 00:59:05,214 [steps/libs/nnet3/train/frame_level_objf/common.py:265 - train_one_iteration - INFO ] On iteration 3, learning rate is 0.00410979515758.
2018-02-22 01:04:40,093 [steps/libs/nnet3/train/frame_level_objf/common.py:201 - train_one_iteration - INFO ] Training neural net (pass 4)
2018-02-22 01:04:40,100 [steps/libs/nnet3/train/frame_level_objf/common.py:265 - train_one_iteration - INFO ] On iteration 4, learning rate is 0.00509928062346.
2018-02-22 01:10:30,936 [steps/libs/nnet3/train/frame_level_objf/common.py:201 - train_one_iteration - INFO ] Training neural net (pass 5)
2018-02-22 01:10:30,944 [steps/libs/nnet3/train/frame_level_objf/common.py:265 - train_one_iteration - INFO ] On iteration 5, learning rate is 0.00463278606959.
2018-02-22 01:16:10,852 [steps/libs/nnet3/train/frame_level_objf/common.py:201 - train_one_iteration - INFO ] Training neural net (pass 6)
2018-02-22 01:16:10,861 [steps/libs/nnet3/train/frame_level_objf/common.py:265 - train_one_iteration - INFO ] On iteration 6, learning rate is 0.00420896756846.
2018-02-22 01:21:50,241 [steps/libs/nnet3/train/frame_level_objf/common.py:201 - train_one_iteration - INFO ] Training neural net (pass 7)
2018-02-22 01:21:50,247 [steps/libs/nnet3/train/frame_level_objf/common.py:265 - train_one_iteration - INFO ] On iteration 7, learning rate is 0.00382392101129.
2018-02-22 01:27:27,776 [steps/libs/nnet3/train/frame_level_objf/common.py:201 - train_one_iteration - INFO ] Training neural net (pass 8)
2018-02-22 01:27:27,783 [steps/libs/nnet3/train/frame_level_objf/common.py:265 - train_one_iteration - INFO ] On iteration 8, learning rate is 0.00347409944666.
2018-02-22 01:33:10,104 [steps/libs/nnet3/train/frame_level_objf/common.py:201 - train_one_iteration - INFO ] Training neural net (pass 9)
2018-02-22 01:33:10,113 [steps/libs/nnet3/train/frame_level_objf/common.py:265 - train_one_iteration - INFO ] On iteration 9, learning rate is 0.00315628040686.
2018-02-22 01:38:55,880 [steps/libs/nnet3/train/frame_level_objf/common.py:201 - train_one_iteration - INFO ] Training neural net (pass 10)
2018-02-22 01:38:55,888 [steps/libs/nnet3/train/frame_level_objf/common.py:265 - train_one_iteration - INFO ] On iteration 10, learning rate is 0.00286753622331.
2018-02-22 01:44:34,731 [steps/libs/nnet3/train/frame_level_objf/common.py:201 - train_one_iteration - INFO ] Training neural net (pass 11)
2018-02-22 01:44:34,739 [steps/libs/nnet3/train/frame_level_objf/common.py:265 - train_one_iteration - INFO ] On iteration 11, learning rate is 0.00325650882212.
2018-02-22 01:50:39,141 [steps/libs/nnet3/train/frame_level_objf/common.py:201 - train_one_iteration - INFO ] Training neural net (pass 12)
2018-02-22 01:50:39,148 [steps/libs/nnet3/train/frame_level_objf/common.py:265 - train_one_iteration - INFO ] On iteration 12, learning rate is 0.0028884770796.
2018-02-22 01:56:40,134 [steps/libs/nnet3/train/frame_level_objf/common.py:201 - train_one_iteration - INFO ] Training neural net (pass 13)
2018-02-22 01:56:40,140 [steps/libs/nnet3/train/frame_level_objf/common.py:265 - train_one_iteration - INFO ] On iteration 13, learning rate is 0.0025620381504.
2018-02-22 02:02:42,411 [steps/libs/nnet3/train/frame_level_objf/common.py:201 - train_one_iteration - INFO ] Training neural net (pass 14)
2018-02-22 02:02:42,420 [steps/libs/nnet3/train/frame_level_objf/common.py:265 - train_one_iteration - INFO ] On iteration 14, learning rate is 0.00227249145594.
2018-02-22 02:08:44,409 [steps/libs/nnet3/train/frame_level_objf/common.py:201 - train_one_iteration - INFO ] Training neural net (pass 15)
2018-02-22 02:08:44,420 [steps/libs/nnet3/train/frame_level_objf/common.py:265 - train_one_iteration - INFO ] On iteration 15, learning rate is 0.00201566764981.
2018-02-22 02:14:49,845 [steps/libs/nnet3/train/frame_level_objf/common.py:201 - train_one_iteration - INFO ] Training neural net (pass 16)
2018-02-22 02:14:49,852 [steps/libs/nnet3/train/frame_level_objf/common.py:265 - train_one_iteration - INFO ] On iteration 16, learning rate is 0.00178786858092.
2018-02-22 02:20:51,737 [steps/libs/nnet3/train/frame_level_objf/common.py:201 - train_one_iteration - INFO ] Training neural net (pass 17)
2018-02-22 02:20:51,746 [steps/libs/nnet3/train/frame_level_objf/common.py:265 - train_one_iteration - INFO ] On iteration 17, learning rate is 0.00158581404179.
2018-02-22 02:26:55,068 [steps/libs/nnet3/train/frame_level_objf/common.py:201 - train_one_iteration - INFO ] Training neural net (pass 18)
2018-02-22 02:26:55,076 [steps/libs/nnet3/train/frame_level_objf/common.py:265 - train_one_iteration - INFO ] On iteration 18, learning rate is 0.00168791344194.
2018-02-22 02:34:08,838 [steps/libs/nnet3/train/frame_level_objf/common.py:201 - train_one_iteration - INFO ] Training neural net (pass 19)
2018-02-22 02:34:08,856 [steps/libs/nnet3/train/frame_level_objf/common.py:265 - train_one_iteration - INFO ] On iteration 19, learning rate is 0.00146167282164.
2018-02-22 02:41:21,763 [steps/libs/nnet3/train/frame_level_objf/common.py:201 - train_one_iteration - INFO ] Training neural net (pass 20)
2018-02-22 02:41:21,771 [steps/libs/nnet3/train/frame_level_objf/common.py:265 - train_one_iteration - INFO ] On iteration 20, learning rate is 0.00102.
2018-02-22 02:50:59,490 [steps/nnet3/train_dnn.py:361 - train - INFO ] Doing final combination to produce final.mdl
2018-02-22 02:50:59,491 [steps/libs/nnet3/train/frame_level_objf/common.py:466 - combine_models - INFO ] Combining set([12, 13, 14, 15, 16, 17, 18, 19, 20, 21]) models.
2018-02-22 02:55:03,669 [steps/nnet3/train_dnn.py:370 - train - INFO ] Getting average posterior for purposes of adjusting the priors.
2018-02-22 03:01:26,840 [steps/nnet3/train_dnn.py:381 - train - INFO ] Re-adjusting priors based on computed posteriors
2018-02-22 03:01:27,329 [steps/nnet3/train_dnn.py:391 - train - INFO ] Cleaning up the experiment directory exp/nnet3/tdnn_bnf300-appended-withivectors_exceptnewzealand
exp/nnet3/tdnn_bnf300-appended-withivectors_exceptnewzealand: num-iters=21 nj=3..6 num-params=22.7M dim=340+100->9054 combine=-1.13->-1.01 loglike:train/valid[13,20,combined]=(-1.30,-1.07,-1.03/-1.41,-1.28,-1.26) accuracy:train/valid[13,20,combined]=(0.63,0.68,0.69/0.60,0.63,0.63)
steps/nnet3/make_bottleneck_features.sh --nj 20 --use-gpu true --cmd run.pl tdnn_bn.renorm data/cv_test_onlyindian_hires data/cv_test_onlyindian_bnf /exp/abhinav/accent_recognizer_exp/nnet3/tdnn_1024nodes_300bnlayer_except_newzealand exp/make_bnf/cv_test_onlyindian exp/make_bnf
steps/nnet3/make_bottleneck_features.sh: Generating bottleneck features using /exp/abhinav/accent_recognizer_exp/nnet3/tdnn_1024nodes_300bnlayer_except_newzealand/final.raw model as output of 
    component-node with name tdnn_bn.renorm.
steps/nnet3/make_bottleneck_features.sh: computing CMVN stats.
steps/compute_cmvn_stats.sh data/cv_test_onlyindian_bnf
Succeeded creating CMVN stats for cv_test_onlyindian_bnf
steps/nnet3/make_bottleneck_features.sh: done making BNF feats.scp.
steps/nnet3/make_bottleneck_features.sh --nj 20 --use-gpu true --cmd run.pl tdnn_bn.renorm data/cv_dev_nz_hires data/cv_dev_nz_bnf /exp/abhinav/accent_recognizer_exp/nnet3/tdnn_1024nodes_300bnlayer_except_newzealand exp/make_bnf/cv_dev_nz exp/make_bnf
steps/nnet3/make_bottleneck_features.sh: Generating bottleneck features using /exp/abhinav/accent_recognizer_exp/nnet3/tdnn_1024nodes_300bnlayer_except_newzealand/final.raw model as output of 
    component-node with name tdnn_bn.renorm.
steps/nnet3/make_bottleneck_features.sh: computing CMVN stats.
steps/compute_cmvn_stats.sh data/cv_dev_nz_bnf
Succeeded creating CMVN stats for cv_dev_nz_bnf
steps/nnet3/make_bottleneck_features.sh: done making BNF feats.scp.
steps/nnet3/make_bottleneck_features.sh --nj 20 --use-gpu true --cmd run.pl tdnn_bn.renorm data/cv_test_onlynz_hires data/cv_test_onlynz_bnf /exp/abhinav/accent_recognizer_exp/nnet3/tdnn_1024nodes_300bnlayer_except_newzealand exp/make_bnf/cv_test_onlynz exp/make_bnf
steps/nnet3/make_bottleneck_features.sh: Generating bottleneck features using /exp/abhinav/accent_recognizer_exp/nnet3/tdnn_1024nodes_300bnlayer_except_newzealand/final.raw model as output of 
    component-node with name tdnn_bn.renorm.
steps/nnet3/make_bottleneck_features.sh: computing CMVN stats.
steps/compute_cmvn_stats.sh data/cv_test_onlynz_bnf
Succeeded creating CMVN stats for cv_test_onlynz_bnf
steps/nnet3/make_bottleneck_features.sh: done making BNF feats.scp.
steps/append_feats.sh --cmd run.pl --nj 20 data/cv_test_onlyindian_bnf data/cv_test_onlyindian_hires data/cv_test_onlyindian_mfcc_bnf_appended exp/append_hires_mfcc_bnf/cv_test_onlyindian exp/append_mfcc_bnf
Succeeded pasting features for cv_test_onlyindian_mfcc_bnf_appended into data/cv_test_onlyindian_mfcc_bnf_appended
steps/compute_cmvn_stats.sh data/cv_test_onlyindian_mfcc_bnf_appended exp/make_cmvn_mfcc_bnf exp/append_mfcc_bnf
Succeeded creating CMVN stats for cv_test_onlyindian_mfcc_bnf_appended
steps/append_feats.sh --cmd run.pl --nj 20 data/cv_dev_nz_bnf data/cv_dev_nz_hires data/cv_dev_nz_mfcc_bnf_appended exp/append_hires_mfcc_bnf/cv_dev_nz exp/append_mfcc_bnf
Succeeded pasting features for cv_dev_nz_mfcc_bnf_appended into data/cv_dev_nz_mfcc_bnf_appended
steps/compute_cmvn_stats.sh data/cv_dev_nz_mfcc_bnf_appended exp/make_cmvn_mfcc_bnf exp/append_mfcc_bnf
Succeeded creating CMVN stats for cv_dev_nz_mfcc_bnf_appended
steps/append_feats.sh --cmd run.pl --nj 20 data/cv_test_onlynz_bnf data/cv_test_onlynz_hires data/cv_test_onlynz_mfcc_bnf_appended exp/append_hires_mfcc_bnf/cv_test_onlynz exp/append_mfcc_bnf
Succeeded pasting features for cv_test_onlynz_mfcc_bnf_appended into data/cv_test_onlynz_mfcc_bnf_appended
steps/compute_cmvn_stats.sh data/cv_test_onlynz_mfcc_bnf_appended exp/make_cmvn_mfcc_bnf exp/append_mfcc_bnf
Succeeded creating CMVN stats for cv_test_onlynz_mfcc_bnf_appended
steps/nnet3/decode.sh --nj 20 --cmd run.pl --mem 4G --online-ivector-dir exp/nnet3/ivectors_cv_test_onlyindian exp/tri4/graph_sw1_tg data/cv_test_onlyindian_mfcc_bnf_appended exp/nnet3/tdnn_bnf300-appended-withivectors_exceptnewzealand/decode_cv_test_onlyindian_mfcc_bnf_appended
steps/nnet3/decode.sh: feature type is raw
steps/diagnostic/analyze_lats.sh --cmd run.pl --mem 4G --iter final exp/tri4/graph_sw1_tg exp/nnet3/tdnn_bnf300-appended-withivectors_exceptnewzealand/decode_cv_test_onlyindian_mfcc_bnf_appended
analyze_phone_length_stats.py: WARNING: optional-silence sil is seen only 79.7752808989% of the time at utterance end.  This may not be optimal.
steps/diagnostic/analyze_lats.sh: see stats in exp/nnet3/tdnn_bnf300-appended-withivectors_exceptnewzealand/decode_cv_test_onlyindian_mfcc_bnf_appended/log/analyze_alignments.log
Overall, lattice depth (10,50,90-percentile)=(3,15,84) and mean=33.9
steps/diagnostic/analyze_lats.sh: see stats in exp/nnet3/tdnn_bnf300-appended-withivectors_exceptnewzealand/decode_cv_test_onlyindian_mfcc_bnf_appended/log/analyze_lattice_depth_stats.log
score best paths
local/score.sh --iter final --cmd run.pl --mem 4G data/cv_test_onlyindian_mfcc_bnf_appended exp/tri4/graph_sw1_tg exp/nnet3/tdnn_bnf300-appended-withivectors_exceptnewzealand/decode_cv_test_onlyindian_mfcc_bnf_appended
local/score.sh: scoring with word insertion penalty=0.0,0.5,1.0
score confidence and timing with sclite
Decoding done.
steps/nnet3/decode.sh --nj 20 --cmd run.pl --mem 4G --online-ivector-dir exp/nnet3/ivectors_cv_dev_nz exp/tri4/graph_sw1_tg data/cv_dev_nz_mfcc_bnf_appended exp/nnet3/tdnn_bnf300-appended-withivectors_exceptnewzealand/decode_cv_dev_nz_mfcc_bnf_appended
steps/nnet3/decode.sh: feature type is raw
steps/diagnostic/analyze_lats.sh --cmd run.pl --mem 4G --iter final exp/tri4/graph_sw1_tg exp/nnet3/tdnn_bnf300-appended-withivectors_exceptnewzealand/decode_cv_dev_nz_mfcc_bnf_appended
steps/diagnostic/analyze_lats.sh: see stats in exp/nnet3/tdnn_bnf300-appended-withivectors_exceptnewzealand/decode_cv_dev_nz_mfcc_bnf_appended/log/analyze_alignments.log
Overall, lattice depth (10,50,90-percentile)=(1,4,25) and mean=10.8
steps/diagnostic/analyze_lats.sh: see stats in exp/nnet3/tdnn_bnf300-appended-withivectors_exceptnewzealand/decode_cv_dev_nz_mfcc_bnf_appended/log/analyze_lattice_depth_stats.log
score best paths
local/score.sh --iter final --cmd run.pl --mem 4G data/cv_dev_nz_mfcc_bnf_appended exp/tri4/graph_sw1_tg exp/nnet3/tdnn_bnf300-appended-withivectors_exceptnewzealand/decode_cv_dev_nz_mfcc_bnf_appended
local/score.sh: scoring with word insertion penalty=0.0,0.5,1.0
score confidence and timing with sclite
Decoding done.
steps/nnet3/decode.sh --nj 20 --cmd run.pl --mem 4G --online-ivector-dir exp/nnet3/ivectors_cv_test_onlynz exp/tri4/graph_sw1_tg data/cv_test_onlynz_mfcc_bnf_appended exp/nnet3/tdnn_bnf300-appended-withivectors_exceptnewzealand/decode_cv_test_onlynz_mfcc_bnf_appended
steps/nnet3/decode.sh: feature type is raw
steps/diagnostic/analyze_lats.sh --cmd run.pl --mem 4G --iter final exp/tri4/graph_sw1_tg exp/nnet3/tdnn_bnf300-appended-withivectors_exceptnewzealand/decode_cv_test_onlynz_mfcc_bnf_appended
steps/diagnostic/analyze_lats.sh: see stats in exp/nnet3/tdnn_bnf300-appended-withivectors_exceptnewzealand/decode_cv_test_onlynz_mfcc_bnf_appended/log/analyze_alignments.log
Overall, lattice depth (10,50,90-percentile)=(1,5,24) and mean=10.2
steps/diagnostic/analyze_lats.sh: see stats in exp/nnet3/tdnn_bnf300-appended-withivectors_exceptnewzealand/decode_cv_test_onlynz_mfcc_bnf_appended/log/analyze_lattice_depth_stats.log
score best paths
local/score.sh --iter final --cmd run.pl --mem 4G data/cv_test_onlynz_mfcc_bnf_appended exp/tri4/graph_sw1_tg exp/nnet3/tdnn_bnf300-appended-withivectors_exceptnewzealand/decode_cv_test_onlynz_mfcc_bnf_appended
local/score.sh: scoring with word insertion penalty=0.0,0.5,1.0
score confidence and timing with sclite
Decoding done.
%WER 21.23 [ 2205 / 10386, 287 ins, 330 del, 1588 sub ] exp/nnet3/tdnn_bnf300-appended-withivectors_exceptnewzealand/decode_cv_dev_nz_mfcc_bnf_appended/wer_11_0.5
%WER 52.28 [ 425 / 813, 31 ins, 107 del, 287 sub ] exp/nnet3/tdnn_bnf300-appended-withivectors_exceptnewzealand/decode_cv_test_onlyindian_mfcc_bnf_appended/wer_15_1.0
%WER 21.95 [ 1117 / 5089, 129 ins, 122 del, 866 sub ] exp/nnet3/tdnn_bnf300-appended-withivectors_exceptnewzealand/decode_cv_test_onlynz_mfcc_bnf_appended/wer_10_1.0
